2025-03-10 11:31:37.639 -06:00 [INF] Starting application...
2025-03-10 11:31:37.951 -06:00 [INF] Now listening on: https://localhost:7163
2025-03-10 11:31:37.958 -06:00 [INF] Now listening on: http://localhost:5223
2025-03-10 11:31:38.182 -06:00 [INF] Application started. Press Ctrl+C to shut down.
2025-03-10 11:31:38.184 -06:00 [INF] Hosting environment: Development
2025-03-10 11:31:38.186 -06:00 [INF] Content root path: C:\Users\Ricardo\OneDrive\Desktop\pruebas\Jobs\JobsAPI\
2025-03-10 11:31:39.055 -06:00 [INF] Request starting HTTP/2 GET https://localhost:7163/swagger/index.html - -
2025-03-10 11:31:39.457 -06:00 [INF] Request finished HTTP/2 GET https://localhost:7163/swagger/index.html - - - 200 - text/html;charset=utf-8 406.3019ms
2025-03-10 11:31:39.476 -06:00 [INF] Request starting HTTP/2 GET https://localhost:7163/_framework/aspnetcore-browser-refresh.js - -
2025-03-10 11:31:39.482 -06:00 [INF] Request finished HTTP/2 GET https://localhost:7163/_framework/aspnetcore-browser-refresh.js - - - 200 12346 application/javascript;+charset=utf-8 5.9414ms
2025-03-10 11:31:39.776 -06:00 [INF] Request starting HTTP/2 GET https://localhost:7163/_vs/browserLink - -
2025-03-10 11:31:39.837 -06:00 [INF] Request finished HTTP/2 GET https://localhost:7163/_vs/browserLink - - - 200 - text/javascript;+charset=UTF-8 60.5446ms
2025-03-10 11:31:40.659 -06:00 [INF] Request starting HTTP/2 GET https://localhost:7163/swagger/v1/swagger.json - -
2025-03-10 11:31:40.679 -06:00 [INF] Request finished HTTP/2 GET https://localhost:7163/swagger/v1/swagger.json - - - 200 - application/json;charset=utf-8 20.2687ms
2025-03-10 11:32:23.116 -06:00 [INF] Request starting HTTP/1.1 POST https://localhost:7163/api/jobtype application/json;+charset=utf-8 22
2025-03-10 11:32:23.130 -06:00 [INF] Executing endpoint 'JobsAPI.Controllers.JobTypeController.CreateJobType (JobsAPI)'
2025-03-10 11:32:23.188 -06:00 [INF] Route matched with {action = "CreateJobType", controller = "JobType"}. Executing controller action with signature System.Threading.Tasks.Task`1[Microsoft.AspNetCore.Mvc.ActionResult`1[JobsAPI.Models.JobType]] CreateJobType(JobsAPI.DTOs.JobTypeDTO) on controller JobsAPI.Controllers.JobTypeController (JobsAPI).
2025-03-10 11:32:25.051 -06:00 [INF] Entity Framework Core 6.0.36 initialized 'JobDbContext' using provider 'Pomelo.EntityFrameworkCore.MySql:6.0.3' with options: ServerVersion 8.0.41-mysql 
2025-03-10 11:32:25.778 -06:00 [INF] Executed DbCommand (83ms) [Parameters=[@__jobType_JobTypeName_0='?' (Size = 100)], CommandType='"Text"', CommandTimeout='30']
SELECT EXISTS (
    SELECT 1
    FROM `JobTypes` AS `j`
    WHERE `j`.`JobTypeName` = @__jobType_JobTypeName_0)
2025-03-10 11:32:25.895 -06:00 [INF] Executing BadRequestObjectResult, writing value of type 'System.String'.
2025-03-10 11:32:25.908 -06:00 [INF] Executed action JobsAPI.Controllers.JobTypeController.CreateJobType (JobsAPI) in 2710.2615ms
2025-03-10 11:32:25.911 -06:00 [INF] Executed endpoint 'JobsAPI.Controllers.JobTypeController.CreateJobType (JobsAPI)'
2025-03-10 11:32:25.928 -06:00 [INF] Request finished HTTP/1.1 POST https://localhost:7163/api/jobtype application/json;+charset=utf-8 22 - 400 - text/plain;+charset=utf-8 2811.6116ms
2025-03-10 11:32:40.741 -06:00 [INF] Request starting HTTP/1.1 GET https://localhost:7163/api/JobType - -
2025-03-10 11:32:40.744 -06:00 [INF] Executing endpoint 'JobsAPI.Controllers.JobTypeController.GetJobTypes (JobsAPI)'
2025-03-10 11:32:40.747 -06:00 [INF] Route matched with {action = "GetJobTypes", controller = "JobType"}. Executing controller action with signature System.Threading.Tasks.Task`1[Microsoft.AspNetCore.Mvc.ActionResult`1[System.Collections.Generic.IEnumerable`1[JobsAPI.DTOs.JobTypeDTO]]] GetJobTypes() on controller JobsAPI.Controllers.JobTypeController (JobsAPI).
2025-03-10 11:32:40.781 -06:00 [INF] Entity Framework Core 6.0.36 initialized 'JobDbContext' using provider 'Pomelo.EntityFrameworkCore.MySql:6.0.3' with options: ServerVersion 8.0.41-mysql 
2025-03-10 11:32:40.939 -06:00 [INF] Executed DbCommand (13ms) [Parameters=[], CommandType='"Text"', CommandTimeout='30']
SELECT `j`.`JobTypeId`, `j`.`JobDescription`, `j`.`JobTypeName`
FROM `JobTypes` AS `j`
2025-03-10 11:32:41.042 -06:00 [INF] Executing OkObjectResult, writing value of type 'System.Collections.Generic.List`1[[JobsAPI.DTOs.JobTypeDTO, JobsAPI, Version=0.0.0.0, Culture=neutral, PublicKeyToken=null]]'.
2025-03-10 11:32:41.049 -06:00 [INF] Executed action JobsAPI.Controllers.JobTypeController.GetJobTypes (JobsAPI) in 298.1366ms
2025-03-10 11:32:41.051 -06:00 [INF] Executed endpoint 'JobsAPI.Controllers.JobTypeController.GetJobTypes (JobsAPI)'
2025-03-10 11:32:41.052 -06:00 [INF] Request finished HTTP/1.1 GET https://localhost:7163/api/JobType - - - 200 - application/json;+charset=utf-8 311.0397ms
2025-03-10 11:33:12.042 -06:00 [INF] Request starting HTTP/1.1 GET https://localhost:7163/api/JobType - -
2025-03-10 11:33:12.045 -06:00 [INF] Executing endpoint 'JobsAPI.Controllers.JobTypeController.GetJobTypes (JobsAPI)'
2025-03-10 11:33:12.046 -06:00 [INF] Route matched with {action = "GetJobTypes", controller = "JobType"}. Executing controller action with signature System.Threading.Tasks.Task`1[Microsoft.AspNetCore.Mvc.ActionResult`1[System.Collections.Generic.IEnumerable`1[JobsAPI.DTOs.JobTypeDTO]]] GetJobTypes() on controller JobsAPI.Controllers.JobTypeController (JobsAPI).
2025-03-10 11:33:12.116 -06:00 [INF] Entity Framework Core 6.0.36 initialized 'JobDbContext' using provider 'Pomelo.EntityFrameworkCore.MySql:6.0.3' with options: ServerVersion 8.0.41-mysql 
2025-03-10 11:33:12.131 -06:00 [INF] Executed DbCommand (4ms) [Parameters=[], CommandType='"Text"', CommandTimeout='30']
SELECT `j`.`JobTypeId`, `j`.`JobDescription`, `j`.`JobTypeName`
FROM `JobTypes` AS `j`
2025-03-10 11:33:12.133 -06:00 [INF] Executing OkObjectResult, writing value of type 'System.Collections.Generic.List`1[[JobsAPI.DTOs.JobTypeDTO, JobsAPI, Version=0.0.0.0, Culture=neutral, PublicKeyToken=null]]'.
2025-03-10 11:33:12.136 -06:00 [INF] Executed action JobsAPI.Controllers.JobTypeController.GetJobTypes (JobsAPI) in 86.762ms
2025-03-10 11:33:12.138 -06:00 [INF] Executed endpoint 'JobsAPI.Controllers.JobTypeController.GetJobTypes (JobsAPI)'
2025-03-10 11:33:12.143 -06:00 [INF] Request finished HTTP/1.1 GET https://localhost:7163/api/JobType - - - 200 - application/json;+charset=utf-8 100.4037ms
2025-03-10 11:34:08.618 -06:00 [INF] Request starting HTTP/1.1 POST https://localhost:7163/api/Jobs/Start application/json;+charset=utf-8 38
2025-03-10 11:34:08.622 -06:00 [INF] Executing endpoint 'JobsAPI.Controllers.JobsController.StartJob (JobsAPI)'
2025-03-10 11:34:08.627 -06:00 [INF] Route matched with {action = "StartJob", controller = "Jobs"}. Executing controller action with signature System.Threading.Tasks.Task`1[Microsoft.AspNetCore.Mvc.IActionResult] StartJob(JobsAPI.DTOs.JobRequestDto) on controller JobsAPI.Controllers.JobsController (JobsAPI).
2025-03-10 11:34:14.465 -06:00 [INF] Entity Framework Core 6.0.36 initialized 'JobDbContext' using provider 'Pomelo.EntityFrameworkCore.MySql:6.0.3' with options: ServerVersion 8.0.41-mysql 
2025-03-10 11:34:14.499 -06:00 [INF] Executed DbCommand (20ms) [Parameters=[@__jobTypeId_0='?' (DbType = Int32)], CommandType='"Text"', CommandTimeout='30']
SELECT `j`.`JobId`, `j`.`IsRunning`, `j`.`JobName`, `j`.`JobTypeId`
FROM `Jobs` AS `j`
WHERE (`j`.`JobTypeId` = @__jobTypeId_0) AND `j`.`IsRunning`
2025-03-10 11:34:14.775 -06:00 [INF] Executed DbCommand (18ms) [Parameters=[@p0='?' (DbType = Boolean), @p1='?' (Size = 4000), @p2='?' (DbType = Int32)], CommandType='"Text"', CommandTimeout='30']
INSERT INTO `Jobs` (`IsRunning`, `JobName`, `JobTypeId`)
VALUES (@p0, @p1, @p2);
SELECT `JobId`
FROM `Jobs`
WHERE ROW_COUNT() = 1 AND `JobId` = LAST_INSERT_ID();
2025-03-10 11:34:14.863 -06:00 [INF] Job started with ID 1
2025-03-10 11:34:14.866 -06:00 [INF] Executing OkObjectResult, writing value of type '<>f__AnonymousType0`2[[JobsAPI.Utilities.ServiceResult, JobsAPI, Version=0.0.0.0, Culture=neutral, PublicKeyToken=null],[System.String, System.Private.CoreLib, Version=6.0.0.0, Culture=neutral, PublicKeyToken=7cec85d7bea7798e]]'.
2025-03-10 11:34:14.870 -06:00 [INF] Executed action JobsAPI.Controllers.JobsController.StartJob (JobsAPI) in 6240.1485ms
2025-03-10 11:34:14.871 -06:00 [INF] Executed endpoint 'JobsAPI.Controllers.JobsController.StartJob (JobsAPI)'
2025-03-10 11:34:14.873 -06:00 [INF] Request finished HTTP/1.1 POST https://localhost:7163/api/Jobs/Start application/json;+charset=utf-8 38 - 200 - application/json;+charset=utf-8 6257.4678ms
2025-03-10 11:35:23.734 -06:00 [INF] Request starting HTTP/1.1 GET https://localhost:7163/api/jobs/status/1 - -
2025-03-10 11:35:23.742 -06:00 [INF] Executing endpoint 'JobsAPI.Controllers.JobsController.GetJobStatus (JobsAPI)'
2025-03-10 11:35:23.748 -06:00 [INF] Route matched with {action = "GetJobStatus", controller = "Jobs"}. Executing controller action with signature System.Threading.Tasks.Task`1[Microsoft.AspNetCore.Mvc.IActionResult] GetJobStatus(Int32) on controller JobsAPI.Controllers.JobsController (JobsAPI).
2025-03-10 11:35:23.769 -06:00 [INF] Entity Framework Core 6.0.36 initialized 'JobDbContext' using provider 'Pomelo.EntityFrameworkCore.MySql:6.0.3' with options: ServerVersion 8.0.41-mysql 
2025-03-10 11:35:23.808 -06:00 [INF] Executed DbCommand (5ms) [Parameters=[@__p_0='?' (DbType = Int32)], CommandType='"Text"', CommandTimeout='30']
SELECT `j`.`JobId`, `j`.`IsRunning`, `j`.`JobName`, `j`.`JobTypeId`
FROM `Jobs` AS `j`
WHERE `j`.`JobId` = @__p_0
LIMIT 1
2025-03-10 11:35:23.814 -06:00 [INF] Executing OkObjectResult, writing value of type '<>f__AnonymousType2`2[[System.Int32, System.Private.CoreLib, Version=6.0.0.0, Culture=neutral, PublicKeyToken=7cec85d7bea7798e],[System.String, System.Private.CoreLib, Version=6.0.0.0, Culture=neutral, PublicKeyToken=7cec85d7bea7798e]]'.
2025-03-10 11:35:23.818 -06:00 [INF] Executed action JobsAPI.Controllers.JobsController.GetJobStatus (JobsAPI) in 67.473ms
2025-03-10 11:35:23.819 -06:00 [INF] Executed endpoint 'JobsAPI.Controllers.JobsController.GetJobStatus (JobsAPI)'
2025-03-10 11:35:23.821 -06:00 [INF] Request finished HTTP/1.1 GET https://localhost:7163/api/jobs/status/1 - - - 200 - application/json;+charset=utf-8 86.9521ms
2025-03-10 11:35:37.722 -06:00 [INF] Request starting HTTP/1.1 GET https://localhost:7163/api/jobs/running - -
2025-03-10 11:35:37.724 -06:00 [INF] Executing endpoint 'JobsAPI.Controllers.JobsController.GetRunningJobs (JobsAPI)'
2025-03-10 11:35:37.728 -06:00 [INF] Route matched with {action = "GetRunningJobs", controller = "Jobs"}. Executing controller action with signature System.Threading.Tasks.Task`1[Microsoft.AspNetCore.Mvc.IActionResult] GetRunningJobs() on controller JobsAPI.Controllers.JobsController (JobsAPI).
2025-03-10 11:35:37.742 -06:00 [INF] Entity Framework Core 6.0.36 initialized 'JobDbContext' using provider 'Pomelo.EntityFrameworkCore.MySql:6.0.3' with options: ServerVersion 8.0.41-mysql 
2025-03-10 11:35:37.754 -06:00 [INF] Executed DbCommand (2ms) [Parameters=[], CommandType='"Text"', CommandTimeout='30']
SELECT `j`.`JobTypeId`, `j`.`JobDescription`, `j`.`JobTypeName`
FROM `JobTypes` AS `j`
2025-03-10 11:35:37.775 -06:00 [INF] Executed DbCommand (2ms) [Parameters=[], CommandType='"Text"', CommandTimeout='30']
SELECT `j`.`JobId`, `j`.`IsRunning`, `j`.`JobName`, `j`.`JobTypeId`
FROM `Jobs` AS `j`
WHERE `j`.`IsRunning`
2025-03-10 11:35:37.797 -06:00 [INF] Executing OkObjectResult, writing value of type 'System.Collections.Generic.List`1[[JobsAPI.DTOs.JobDTO, JobsAPI, Version=0.0.0.0, Culture=neutral, PublicKeyToken=null]]'.
2025-03-10 11:35:37.800 -06:00 [INF] Executed action JobsAPI.Controllers.JobsController.GetRunningJobs (JobsAPI) in 69.2033ms
2025-03-10 11:35:37.802 -06:00 [INF] Executed endpoint 'JobsAPI.Controllers.JobsController.GetRunningJobs (JobsAPI)'
2025-03-10 11:35:37.803 -06:00 [INF] Request finished HTTP/1.1 GET https://localhost:7163/api/jobs/running - - - 200 - application/json;+charset=utf-8 80.7484ms
2025-03-10 11:36:02.629 -06:00 [INF] Request starting HTTP/1.1 POST https://localhost:7163/api/jobs/cancel/1 - 0
2025-03-10 11:36:02.630 -06:00 [INF] Executing endpoint 'JobsAPI.Controllers.JobsController.CancelJob (JobsAPI)'
2025-03-10 11:36:02.640 -06:00 [INF] Route matched with {action = "CancelJob", controller = "Jobs"}. Executing controller action with signature System.Threading.Tasks.Task`1[Microsoft.AspNetCore.Mvc.IActionResult] CancelJob(Int32) on controller JobsAPI.Controllers.JobsController (JobsAPI).
2025-03-10 11:36:02.649 -06:00 [INF] Entity Framework Core 6.0.36 initialized 'JobDbContext' using provider 'Pomelo.EntityFrameworkCore.MySql:6.0.3' with options: ServerVersion 8.0.41-mysql 
2025-03-10 11:36:02.664 -06:00 [INF] Executed DbCommand (3ms) [Parameters=[@__p_0='?' (DbType = Int32)], CommandType='"Text"', CommandTimeout='30']
SELECT `j`.`JobId`, `j`.`IsRunning`, `j`.`JobName`, `j`.`JobTypeId`
FROM `Jobs` AS `j`
WHERE `j`.`JobId` = @__p_0
LIMIT 1
2025-03-10 11:36:02.715 -06:00 [INF] Executed DbCommand (16ms) [Parameters=[@p3='?' (DbType = Int32), @p0='?' (DbType = Boolean), @p1='?' (Size = 4000), @p2='?' (DbType = Int32)], CommandType='"Text"', CommandTimeout='30']
UPDATE `Jobs` SET `IsRunning` = @p0, `JobName` = @p1, `JobTypeId` = @p2
WHERE `JobId` = @p3;
SELECT ROW_COUNT();
2025-03-10 11:36:02.729 -06:00 [INF] Executing OkObjectResult, writing value of type '<>f__AnonymousType0`2[[System.Int32, System.Private.CoreLib, Version=6.0.0.0, Culture=neutral, PublicKeyToken=7cec85d7bea7798e],[System.String, System.Private.CoreLib, Version=6.0.0.0, Culture=neutral, PublicKeyToken=7cec85d7bea7798e]]'.
2025-03-10 11:36:02.732 -06:00 [INF] Executed action JobsAPI.Controllers.JobsController.CancelJob (JobsAPI) in 89.4753ms
2025-03-10 11:36:02.734 -06:00 [INF] Executed endpoint 'JobsAPI.Controllers.JobsController.CancelJob (JobsAPI)'
2025-03-10 11:36:02.735 -06:00 [INF] Request finished HTTP/1.1 POST https://localhost:7163/api/jobs/cancel/1 - 0 - 200 - application/json;+charset=utf-8 106.4337ms
2025-03-10 11:36:17.133 -06:00 [INF] Request starting HTTP/1.1 GET https://localhost:7163/api/jobs/running - -
2025-03-10 11:36:17.134 -06:00 [INF] Executing endpoint 'JobsAPI.Controllers.JobsController.GetRunningJobs (JobsAPI)'
2025-03-10 11:36:17.136 -06:00 [INF] Route matched with {action = "GetRunningJobs", controller = "Jobs"}. Executing controller action with signature System.Threading.Tasks.Task`1[Microsoft.AspNetCore.Mvc.IActionResult] GetRunningJobs() on controller JobsAPI.Controllers.JobsController (JobsAPI).
2025-03-10 11:36:17.139 -06:00 [INF] Entity Framework Core 6.0.36 initialized 'JobDbContext' using provider 'Pomelo.EntityFrameworkCore.MySql:6.0.3' with options: ServerVersion 8.0.41-mysql 
2025-03-10 11:36:17.148 -06:00 [INF] Executed DbCommand (4ms) [Parameters=[], CommandType='"Text"', CommandTimeout='30']
SELECT `j`.`JobTypeId`, `j`.`JobDescription`, `j`.`JobTypeName`
FROM `JobTypes` AS `j`
2025-03-10 11:36:17.155 -06:00 [INF] Executed DbCommand (2ms) [Parameters=[], CommandType='"Text"', CommandTimeout='30']
SELECT `j`.`JobId`, `j`.`IsRunning`, `j`.`JobName`, `j`.`JobTypeId`
FROM `Jobs` AS `j`
WHERE `j`.`IsRunning`
2025-03-10 11:36:17.157 -06:00 [INF] Executing OkObjectResult, writing value of type 'System.Collections.Generic.List`1[[JobsAPI.DTOs.JobDTO, JobsAPI, Version=0.0.0.0, Culture=neutral, PublicKeyToken=null]]'.
2025-03-10 11:36:17.159 -06:00 [INF] Executed action JobsAPI.Controllers.JobsController.GetRunningJobs (JobsAPI) in 21.3288ms
2025-03-10 11:36:17.161 -06:00 [INF] Executed endpoint 'JobsAPI.Controllers.JobsController.GetRunningJobs (JobsAPI)'
2025-03-10 11:36:17.162 -06:00 [INF] Request finished HTTP/1.1 GET https://localhost:7163/api/jobs/running - - - 200 - application/json;+charset=utf-8 29.7300ms
2025-03-10 11:51:27.329 -06:00 [INF] Starting application...
2025-03-10 11:51:27.693 -06:00 [INF] Now listening on: https://localhost:7163
2025-03-10 11:51:27.701 -06:00 [INF] Now listening on: http://localhost:5223
2025-03-10 11:51:27.983 -06:00 [INF] Application started. Press Ctrl+C to shut down.
2025-03-10 11:51:27.989 -06:00 [INF] Hosting environment: Development
2025-03-10 11:51:27.991 -06:00 [INF] Content root path: C:\Users\Ricardo\OneDrive\Desktop\pruebas\Jobs\JobsAPI\
2025-03-10 11:51:29.462 -06:00 [INF] Request starting HTTP/2 GET https://localhost:7163/swagger/index.html - -
2025-03-10 11:51:30.032 -06:00 [INF] Request finished HTTP/2 GET https://localhost:7163/swagger/index.html - - - 200 - text/html;charset=utf-8 576.8480ms
2025-03-10 11:51:30.286 -06:00 [INF] Request starting HTTP/2 GET https://localhost:7163/_framework/aspnetcore-browser-refresh.js - -
2025-03-10 11:51:30.297 -06:00 [INF] Request finished HTTP/2 GET https://localhost:7163/_framework/aspnetcore-browser-refresh.js - - - 200 12346 application/javascript;+charset=utf-8 11.6810ms
2025-03-10 11:51:30.708 -06:00 [INF] Request starting HTTP/2 GET https://localhost:7163/_vs/browserLink - -
2025-03-10 11:51:30.868 -06:00 [INF] Request finished HTTP/2 GET https://localhost:7163/_vs/browserLink - - - 200 - text/javascript;+charset=UTF-8 159.3054ms
2025-03-10 11:51:31.970 -06:00 [INF] Request starting HTTP/2 GET https://localhost:7163/swagger/v1/swagger.json - -
2025-03-10 11:51:31.988 -06:00 [INF] Request finished HTTP/2 GET https://localhost:7163/swagger/v1/swagger.json - - - 200 - application/json;charset=utf-8 18.1174ms
2025-03-10 15:06:49.116 -06:00 [INF] Starting application...
2025-03-10 15:06:49.581 -06:00 [INF] Now listening on: https://localhost:7163
2025-03-10 15:06:49.616 -06:00 [INF] Now listening on: http://localhost:5223
2025-03-10 15:06:49.925 -06:00 [INF] Application started. Press Ctrl+C to shut down.
2025-03-10 15:06:49.928 -06:00 [INF] Hosting environment: Development
2025-03-10 15:06:49.931 -06:00 [INF] Content root path: C:\Users\Ricardo\OneDrive\Desktop\pruebas\Jobs\JobsAPI\
2025-03-10 15:06:55.503 -06:00 [INF] Request starting HTTP/2 GET https://localhost:7163/swagger/index.html - -
2025-03-10 15:06:55.983 -06:00 [INF] Request finished HTTP/2 GET https://localhost:7163/swagger/index.html - - - 200 - text/html;charset=utf-8 489.3291ms
2025-03-10 15:06:56.020 -06:00 [INF] Request starting HTTP/2 GET https://localhost:7163/_framework/aspnetcore-browser-refresh.js - -
2025-03-10 15:06:56.036 -06:00 [INF] Request finished HTTP/2 GET https://localhost:7163/_framework/aspnetcore-browser-refresh.js - - - 200 12346 application/javascript;+charset=utf-8 15.4898ms
2025-03-10 15:06:56.548 -06:00 [INF] Request starting HTTP/2 GET https://localhost:7163/_vs/browserLink - -
2025-03-10 15:06:56.655 -06:00 [INF] Request finished HTTP/2 GET https://localhost:7163/_vs/browserLink - - - 200 - text/javascript;+charset=UTF-8 107.5641ms
2025-03-10 15:06:58.016 -06:00 [INF] Request starting HTTP/2 GET https://localhost:7163/swagger/v1/swagger.json - -
2025-03-10 15:06:58.042 -06:00 [INF] Request finished HTTP/2 GET https://localhost:7163/swagger/v1/swagger.json - - - 200 - application/json;charset=utf-8 25.7569ms
2025-03-10 15:19:48.480 -06:00 [INF] Starting application...
2025-03-10 15:19:48.705 -06:00 [INF] Now listening on: https://localhost:7163
2025-03-10 15:19:48.710 -06:00 [INF] Now listening on: http://localhost:5223
2025-03-10 15:19:48.895 -06:00 [INF] Application started. Press Ctrl+C to shut down.
2025-03-10 15:19:48.897 -06:00 [INF] Hosting environment: Development
2025-03-10 15:19:48.898 -06:00 [INF] Content root path: C:\Users\Ricardo\OneDrive\Desktop\pruebas\Jobs\JobsAPI\
2025-03-10 15:19:50.156 -06:00 [INF] Request starting HTTP/2 GET https://localhost:7163/swagger/index.html - -
2025-03-10 15:19:50.843 -06:00 [INF] Request finished HTTP/2 GET https://localhost:7163/swagger/index.html - - - 200 - text/html;charset=utf-8 717.0466ms
2025-03-10 15:19:50.883 -06:00 [INF] Request starting HTTP/2 GET https://localhost:7163/_framework/aspnetcore-browser-refresh.js - -
2025-03-10 15:19:50.894 -06:00 [INF] Request finished HTTP/2 GET https://localhost:7163/_framework/aspnetcore-browser-refresh.js - - - 200 12346 application/javascript;+charset=utf-8 10.7670ms
2025-03-10 15:19:51.334 -06:00 [INF] Request starting HTTP/2 GET https://localhost:7163/_vs/browserLink - -
2025-03-10 15:19:51.415 -06:00 [INF] Request finished HTTP/2 GET https://localhost:7163/_vs/browserLink - - - 200 - text/javascript;+charset=UTF-8 81.3479ms
2025-03-10 15:19:52.572 -06:00 [INF] Request starting HTTP/2 GET https://localhost:7163/swagger/v1/swagger.json - -
2025-03-10 15:19:52.591 -06:00 [INF] Request finished HTTP/2 GET https://localhost:7163/swagger/v1/swagger.json - - - 200 - application/json;charset=utf-8 19.2968ms
2025-03-10 15:20:08.426 -06:00 [INF] Request starting HTTP/1.1 GET https://localhost:7163/api/JobType - -
2025-03-10 15:20:08.437 -06:00 [INF] Executing endpoint 'JobsAPI.Controllers.JobTypeController.GetJobTypes (JobsAPI)'
2025-03-10 15:20:08.468 -06:00 [INF] Route matched with {action = "GetJobTypes", controller = "JobType"}. Executing controller action with signature System.Threading.Tasks.Task`1[Microsoft.AspNetCore.Mvc.ActionResult`1[System.Collections.Generic.IEnumerable`1[JobsAPI.DTOs.JobTypeDTO]]] GetJobTypes() on controller JobsAPI.Controllers.JobTypeController (JobsAPI).
2025-03-10 15:20:09.725 -06:00 [INF] Entity Framework Core 6.0.36 initialized 'JobDbContext' using provider 'Pomelo.EntityFrameworkCore.MySql:6.0.3' with options: ServerVersion 8.0.41-mysql 
2025-03-10 15:20:10.215 -06:00 [INF] Executed DbCommand (49ms) [Parameters=[], CommandType='"Text"', CommandTimeout='30']
SELECT `j`.`JobTypeId`, `j`.`JobDescription`, `j`.`JobTypeName`
FROM `JobTypes` AS `j`
2025-03-10 15:20:10.341 -06:00 [INF] Executing OkObjectResult, writing value of type 'System.Collections.Generic.List`1[[JobsAPI.DTOs.JobTypeDTO, JobsAPI, Version=0.0.0.0, Culture=neutral, PublicKeyToken=null]]'.
2025-03-10 15:20:10.362 -06:00 [INF] Executed action JobsAPI.Controllers.JobTypeController.GetJobTypes (JobsAPI) in 1887.9984ms
2025-03-10 15:20:10.366 -06:00 [INF] Executed endpoint 'JobsAPI.Controllers.JobTypeController.GetJobTypes (JobsAPI)'
2025-03-10 15:20:10.379 -06:00 [INF] Request finished HTTP/1.1 GET https://localhost:7163/api/JobType - - - 200 - application/json;+charset=utf-8 1952.9683ms
2025-03-10 15:20:35.326 -06:00 [INF] Request starting HTTP/1.1 POST https://localhost:7163/api/jobtype application/json;+charset=utf-8 22
2025-03-10 15:20:35.328 -06:00 [INF] Executing endpoint 'JobsAPI.Controllers.JobTypeController.CreateJobType (JobsAPI)'
2025-03-10 15:20:35.340 -06:00 [INF] Route matched with {action = "CreateJobType", controller = "JobType"}. Executing controller action with signature System.Threading.Tasks.Task`1[Microsoft.AspNetCore.Mvc.ActionResult`1[JobsAPI.Models.JobType]] CreateJobType(JobsAPI.DTOs.JobTypeDTO) on controller JobsAPI.Controllers.JobTypeController (JobsAPI).
2025-03-10 15:20:35.410 -06:00 [INF] Entity Framework Core 6.0.36 initialized 'JobDbContext' using provider 'Pomelo.EntityFrameworkCore.MySql:6.0.3' with options: ServerVersion 8.0.41-mysql 
2025-03-10 15:20:35.519 -06:00 [INF] Executed DbCommand (22ms) [Parameters=[@__jobType_JobTypeName_0='?' (Size = 100)], CommandType='"Text"', CommandTimeout='30']
SELECT EXISTS (
    SELECT 1
    FROM `JobTypes` AS `j`
    WHERE `j`.`JobTypeName` = @__jobType_JobTypeName_0)
2025-03-10 15:20:35.526 -06:00 [INF] Executing BadRequestObjectResult, writing value of type 'System.String'.
2025-03-10 15:20:35.527 -06:00 [INF] Executed action JobsAPI.Controllers.JobTypeController.CreateJobType (JobsAPI) in 185.1115ms
2025-03-10 15:20:35.528 -06:00 [INF] Executed endpoint 'JobsAPI.Controllers.JobTypeController.CreateJobType (JobsAPI)'
2025-03-10 15:20:35.529 -06:00 [INF] Request finished HTTP/1.1 POST https://localhost:7163/api/jobtype application/json;+charset=utf-8 22 - 400 - text/plain;+charset=utf-8 202.9833ms
2025-03-10 15:20:51.174 -06:00 [INF] Request starting HTTP/1.1 GET https://localhost:7163/api/jobs/running - -
2025-03-10 15:20:51.176 -06:00 [INF] Executing endpoint 'JobsAPI.Controllers.JobsController.GetRunningJobs (JobsAPI)'
2025-03-10 15:20:51.179 -06:00 [INF] Route matched with {action = "GetRunningJobs", controller = "Jobs"}. Executing controller action with signature System.Threading.Tasks.Task`1[Microsoft.AspNetCore.Mvc.IActionResult] GetRunningJobs() on controller JobsAPI.Controllers.JobsController (JobsAPI).
2025-03-10 15:20:51.230 -06:00 [INF] Entity Framework Core 6.0.36 initialized 'JobDbContext' using provider 'Pomelo.EntityFrameworkCore.MySql:6.0.3' with options: ServerVersion 8.0.41-mysql 
2025-03-10 15:20:51.238 -06:00 [INF] Executed DbCommand (2ms) [Parameters=[], CommandType='"Text"', CommandTimeout='30']
SELECT `j`.`JobTypeId`, `j`.`JobDescription`, `j`.`JobTypeName`
FROM `JobTypes` AS `j`
2025-03-10 15:20:51.253 -06:00 [INF] Executed DbCommand (2ms) [Parameters=[], CommandType='"Text"', CommandTimeout='30']
SELECT `j`.`JobId`, `j`.`IsRunning`, `j`.`JobName`, `j`.`JobTypeId`
FROM `Jobs` AS `j`
WHERE `j`.`IsRunning`
2025-03-10 15:20:51.256 -06:00 [INF] Executing OkObjectResult, writing value of type 'System.Collections.Generic.List`1[[JobsAPI.DTOs.JobDTO, JobsAPI, Version=0.0.0.0, Culture=neutral, PublicKeyToken=null]]'.
2025-03-10 15:20:51.258 -06:00 [INF] Executed action JobsAPI.Controllers.JobsController.GetRunningJobs (JobsAPI) in 77.3628ms
2025-03-10 15:20:51.260 -06:00 [INF] Executed endpoint 'JobsAPI.Controllers.JobsController.GetRunningJobs (JobsAPI)'
2025-03-10 15:20:51.260 -06:00 [INF] Request finished HTTP/1.1 GET https://localhost:7163/api/jobs/running - - - 200 - application/json;+charset=utf-8 86.6463ms
2025-03-10 15:21:07.356 -06:00 [INF] Request starting HTTP/1.1 GET https://localhost:7163/api/JobType - -
2025-03-10 15:21:07.357 -06:00 [INF] Executing endpoint 'JobsAPI.Controllers.JobTypeController.GetJobTypes (JobsAPI)'
2025-03-10 15:21:07.358 -06:00 [INF] Route matched with {action = "GetJobTypes", controller = "JobType"}. Executing controller action with signature System.Threading.Tasks.Task`1[Microsoft.AspNetCore.Mvc.ActionResult`1[System.Collections.Generic.IEnumerable`1[JobsAPI.DTOs.JobTypeDTO]]] GetJobTypes() on controller JobsAPI.Controllers.JobTypeController (JobsAPI).
2025-03-10 15:21:07.362 -06:00 [INF] Entity Framework Core 6.0.36 initialized 'JobDbContext' using provider 'Pomelo.EntityFrameworkCore.MySql:6.0.3' with options: ServerVersion 8.0.41-mysql 
2025-03-10 15:21:07.372 -06:00 [INF] Executed DbCommand (3ms) [Parameters=[], CommandType='"Text"', CommandTimeout='30']
SELECT `j`.`JobTypeId`, `j`.`JobDescription`, `j`.`JobTypeName`
FROM `JobTypes` AS `j`
2025-03-10 15:21:07.373 -06:00 [INF] Executing OkObjectResult, writing value of type 'System.Collections.Generic.List`1[[JobsAPI.DTOs.JobTypeDTO, JobsAPI, Version=0.0.0.0, Culture=neutral, PublicKeyToken=null]]'.
2025-03-10 15:21:07.374 -06:00 [INF] Executed action JobsAPI.Controllers.JobTypeController.GetJobTypes (JobsAPI) in 15.1505ms
2025-03-10 15:21:07.375 -06:00 [INF] Executed endpoint 'JobsAPI.Controllers.JobTypeController.GetJobTypes (JobsAPI)'
2025-03-10 15:21:07.376 -06:00 [INF] Request finished HTTP/1.1 GET https://localhost:7163/api/JobType - - - 200 - application/json;+charset=utf-8 20.4950ms
2025-03-10 15:21:34.722 -06:00 [INF] Request starting HTTP/1.1 POST https://localhost:7163/api/Jobs/Start application/json;+charset=utf-8 38
2025-03-10 15:21:34.724 -06:00 [INF] Executing endpoint 'JobsAPI.Controllers.JobsController.StartJob (JobsAPI)'
2025-03-10 15:21:34.727 -06:00 [INF] Route matched with {action = "StartJob", controller = "Jobs"}. Executing controller action with signature System.Threading.Tasks.Task`1[Microsoft.AspNetCore.Mvc.IActionResult] StartJob(JobsAPI.DTOs.JobRequestDto) on controller JobsAPI.Controllers.JobsController (JobsAPI).
2025-03-10 15:21:34.736 -06:00 [INF] Entity Framework Core 6.0.36 initialized 'JobDbContext' using provider 'Pomelo.EntityFrameworkCore.MySql:6.0.3' with options: ServerVersion 8.0.41-mysql 
2025-03-10 15:21:34.755 -06:00 [INF] Executed DbCommand (9ms) [Parameters=[@__jobTypeId_0='?' (DbType = Int32)], CommandType='"Text"', CommandTimeout='30']
SELECT `j`.`JobId`, `j`.`IsRunning`, `j`.`JobName`, `j`.`JobTypeId`
FROM `Jobs` AS `j`
WHERE (`j`.`JobTypeId` = @__jobTypeId_0) AND `j`.`IsRunning`
2025-03-10 15:21:34.900 -06:00 [INF] Executed DbCommand (2ms) [Parameters=[@p0='?' (DbType = Boolean), @p1='?' (Size = 4000), @p2='?' (DbType = Int32)], CommandType='"Text"', CommandTimeout='30']
INSERT INTO `Jobs` (`IsRunning`, `JobName`, `JobTypeId`)
VALUES (@p0, @p1, @p2);
SELECT `JobId`
FROM `Jobs`
WHERE ROW_COUNT() = 1 AND `JobId` = LAST_INSERT_ID();
2025-03-10 15:21:34.952 -06:00 [INF] Job started with ID 2
2025-03-10 15:21:34.953 -06:00 [INF] Executing OkObjectResult, writing value of type '<>f__AnonymousType0`2[[JobsAPI.Utilities.ServiceResult, JobsAPI, Version=0.0.0.0, Culture=neutral, PublicKeyToken=null],[System.String, System.Private.CoreLib, Version=6.0.0.0, Culture=neutral, PublicKeyToken=7cec85d7bea7798e]]'.
2025-03-10 15:21:34.956 -06:00 [INF] Executed action JobsAPI.Controllers.JobsController.StartJob (JobsAPI) in 227.7147ms
2025-03-10 15:21:34.957 -06:00 [INF] Executed endpoint 'JobsAPI.Controllers.JobsController.StartJob (JobsAPI)'
2025-03-10 15:21:34.958 -06:00 [INF] Request finished HTTP/1.1 POST https://localhost:7163/api/Jobs/Start application/json;+charset=utf-8 38 - 200 - application/json;+charset=utf-8 235.5525ms
2025-03-10 15:22:00.965 -06:00 [INF] Request starting HTTP/1.1 GET https://localhost:7163/api/jobs/running - -
2025-03-10 15:22:00.966 -06:00 [INF] Executing endpoint 'JobsAPI.Controllers.JobsController.GetRunningJobs (JobsAPI)'
2025-03-10 15:22:00.967 -06:00 [INF] Route matched with {action = "GetRunningJobs", controller = "Jobs"}. Executing controller action with signature System.Threading.Tasks.Task`1[Microsoft.AspNetCore.Mvc.IActionResult] GetRunningJobs() on controller JobsAPI.Controllers.JobsController (JobsAPI).
2025-03-10 15:22:00.970 -06:00 [INF] Entity Framework Core 6.0.36 initialized 'JobDbContext' using provider 'Pomelo.EntityFrameworkCore.MySql:6.0.3' with options: ServerVersion 8.0.41-mysql 
2025-03-10 15:22:00.977 -06:00 [INF] Executed DbCommand (2ms) [Parameters=[], CommandType='"Text"', CommandTimeout='30']
SELECT `j`.`JobTypeId`, `j`.`JobDescription`, `j`.`JobTypeName`
FROM `JobTypes` AS `j`
2025-03-10 15:22:00.984 -06:00 [INF] Executed DbCommand (4ms) [Parameters=[], CommandType='"Text"', CommandTimeout='30']
SELECT `j`.`JobId`, `j`.`IsRunning`, `j`.`JobName`, `j`.`JobTypeId`
FROM `Jobs` AS `j`
WHERE `j`.`IsRunning`
2025-03-10 15:22:00.998 -06:00 [INF] Executing OkObjectResult, writing value of type 'System.Collections.Generic.List`1[[JobsAPI.DTOs.JobDTO, JobsAPI, Version=0.0.0.0, Culture=neutral, PublicKeyToken=null]]'.
2025-03-10 15:22:01.000 -06:00 [INF] Executed action JobsAPI.Controllers.JobsController.GetRunningJobs (JobsAPI) in 31.7059ms
2025-03-10 15:22:01.001 -06:00 [INF] Executed endpoint 'JobsAPI.Controllers.JobsController.GetRunningJobs (JobsAPI)'
2025-03-10 15:22:01.001 -06:00 [INF] Request finished HTTP/1.1 GET https://localhost:7163/api/jobs/running - - - 200 - application/json;+charset=utf-8 35.9661ms
2025-03-10 15:22:23.161 -06:00 [INF] Request starting HTTP/1.1 GET https://localhost:7163/api/jobs/status/1 - -
2025-03-10 15:22:23.166 -06:00 [INF] Executing endpoint 'JobsAPI.Controllers.JobsController.GetJobStatus (JobsAPI)'
2025-03-10 15:22:23.169 -06:00 [INF] Route matched with {action = "GetJobStatus", controller = "Jobs"}. Executing controller action with signature System.Threading.Tasks.Task`1[Microsoft.AspNetCore.Mvc.IActionResult] GetJobStatus(Int32) on controller JobsAPI.Controllers.JobsController (JobsAPI).
2025-03-10 15:22:23.175 -06:00 [INF] Entity Framework Core 6.0.36 initialized 'JobDbContext' using provider 'Pomelo.EntityFrameworkCore.MySql:6.0.3' with options: ServerVersion 8.0.41-mysql 
2025-03-10 15:22:23.199 -06:00 [INF] Executed DbCommand (1ms) [Parameters=[@__p_0='?' (DbType = Int32)], CommandType='"Text"', CommandTimeout='30']
SELECT `j`.`JobId`, `j`.`IsRunning`, `j`.`JobName`, `j`.`JobTypeId`
FROM `Jobs` AS `j`
WHERE `j`.`JobId` = @__p_0
LIMIT 1
2025-03-10 15:22:23.206 -06:00 [INF] Executing OkObjectResult, writing value of type '<>f__AnonymousType2`2[[System.Int32, System.Private.CoreLib, Version=6.0.0.0, Culture=neutral, PublicKeyToken=7cec85d7bea7798e],[System.String, System.Private.CoreLib, Version=6.0.0.0, Culture=neutral, PublicKeyToken=7cec85d7bea7798e]]'.
2025-03-10 15:22:23.208 -06:00 [INF] Executed action JobsAPI.Controllers.JobsController.GetJobStatus (JobsAPI) in 37.7832ms
2025-03-10 15:22:23.209 -06:00 [INF] Executed endpoint 'JobsAPI.Controllers.JobsController.GetJobStatus (JobsAPI)'
2025-03-10 15:22:23.210 -06:00 [INF] Request finished HTTP/1.1 GET https://localhost:7163/api/jobs/status/1 - - - 200 - application/json;+charset=utf-8 49.0583ms
2025-03-10 15:22:31.721 -06:00 [INF] Request starting HTTP/1.1 GET https://localhost:7163/api/jobs/status/2 - -
2025-03-10 15:22:31.722 -06:00 [INF] Executing endpoint 'JobsAPI.Controllers.JobsController.GetJobStatus (JobsAPI)'
2025-03-10 15:22:31.723 -06:00 [INF] Route matched with {action = "GetJobStatus", controller = "Jobs"}. Executing controller action with signature System.Threading.Tasks.Task`1[Microsoft.AspNetCore.Mvc.IActionResult] GetJobStatus(Int32) on controller JobsAPI.Controllers.JobsController (JobsAPI).
2025-03-10 15:22:31.725 -06:00 [INF] Entity Framework Core 6.0.36 initialized 'JobDbContext' using provider 'Pomelo.EntityFrameworkCore.MySql:6.0.3' with options: ServerVersion 8.0.41-mysql 
2025-03-10 15:22:31.732 -06:00 [INF] Executed DbCommand (2ms) [Parameters=[@__p_0='?' (DbType = Int32)], CommandType='"Text"', CommandTimeout='30']
SELECT `j`.`JobId`, `j`.`IsRunning`, `j`.`JobName`, `j`.`JobTypeId`
FROM `Jobs` AS `j`
WHERE `j`.`JobId` = @__p_0
LIMIT 1
2025-03-10 15:22:31.734 -06:00 [INF] Executing OkObjectResult, writing value of type '<>f__AnonymousType2`2[[System.Int32, System.Private.CoreLib, Version=6.0.0.0, Culture=neutral, PublicKeyToken=7cec85d7bea7798e],[System.String, System.Private.CoreLib, Version=6.0.0.0, Culture=neutral, PublicKeyToken=7cec85d7bea7798e]]'.
2025-03-10 15:22:31.735 -06:00 [INF] Executed action JobsAPI.Controllers.JobsController.GetJobStatus (JobsAPI) in 10.6906ms
2025-03-10 15:22:31.736 -06:00 [INF] Executed endpoint 'JobsAPI.Controllers.JobsController.GetJobStatus (JobsAPI)'
2025-03-10 15:22:31.737 -06:00 [INF] Request finished HTTP/1.1 GET https://localhost:7163/api/jobs/status/2 - - - 200 - application/json;+charset=utf-8 15.5186ms
2025-03-10 15:23:32.433 -06:00 [INF] Request starting HTTP/1.1 POST https://localhost:7163/api/jobs/cancel/2 - 0
2025-03-10 15:23:32.437 -06:00 [INF] Executing endpoint 'JobsAPI.Controllers.JobsController.CancelJob (JobsAPI)'
2025-03-10 15:23:32.440 -06:00 [INF] Route matched with {action = "CancelJob", controller = "Jobs"}. Executing controller action with signature System.Threading.Tasks.Task`1[Microsoft.AspNetCore.Mvc.IActionResult] CancelJob(Int32) on controller JobsAPI.Controllers.JobsController (JobsAPI).
2025-03-10 15:23:32.445 -06:00 [INF] Entity Framework Core 6.0.36 initialized 'JobDbContext' using provider 'Pomelo.EntityFrameworkCore.MySql:6.0.3' with options: ServerVersion 8.0.41-mysql 
2025-03-10 15:23:32.450 -06:00 [INF] Executed DbCommand (2ms) [Parameters=[@__p_0='?' (DbType = Int32)], CommandType='"Text"', CommandTimeout='30']
SELECT `j`.`JobId`, `j`.`IsRunning`, `j`.`JobName`, `j`.`JobTypeId`
FROM `Jobs` AS `j`
WHERE `j`.`JobId` = @__p_0
LIMIT 1
2025-03-10 15:23:32.476 -06:00 [INF] Executed DbCommand (6ms) [Parameters=[@p3='?' (DbType = Int32), @p0='?' (DbType = Boolean), @p1='?' (Size = 4000), @p2='?' (DbType = Int32)], CommandType='"Text"', CommandTimeout='30']
UPDATE `Jobs` SET `IsRunning` = @p0, `JobName` = @p1, `JobTypeId` = @p2
WHERE `JobId` = @p3;
SELECT ROW_COUNT();
2025-03-10 15:23:32.482 -06:00 [INF] Executing OkObjectResult, writing value of type '<>f__AnonymousType0`2[[System.Int32, System.Private.CoreLib, Version=6.0.0.0, Culture=neutral, PublicKeyToken=7cec85d7bea7798e],[System.String, System.Private.CoreLib, Version=6.0.0.0, Culture=neutral, PublicKeyToken=7cec85d7bea7798e]]'.
2025-03-10 15:23:32.484 -06:00 [INF] Executed action JobsAPI.Controllers.JobsController.CancelJob (JobsAPI) in 42.0581ms
2025-03-10 15:23:32.485 -06:00 [INF] Executed endpoint 'JobsAPI.Controllers.JobsController.CancelJob (JobsAPI)'
2025-03-10 15:23:32.486 -06:00 [INF] Request finished HTTP/1.1 POST https://localhost:7163/api/jobs/cancel/2 - 0 - 200 - application/json;+charset=utf-8 52.0278ms
2025-03-10 15:23:41.638 -06:00 [INF] Request starting HTTP/1.1 GET https://localhost:7163/api/jobs/running - -
2025-03-10 15:23:41.639 -06:00 [INF] Executing endpoint 'JobsAPI.Controllers.JobsController.GetRunningJobs (JobsAPI)'
2025-03-10 15:23:41.640 -06:00 [INF] Route matched with {action = "GetRunningJobs", controller = "Jobs"}. Executing controller action with signature System.Threading.Tasks.Task`1[Microsoft.AspNetCore.Mvc.IActionResult] GetRunningJobs() on controller JobsAPI.Controllers.JobsController (JobsAPI).
2025-03-10 15:23:41.641 -06:00 [INF] Entity Framework Core 6.0.36 initialized 'JobDbContext' using provider 'Pomelo.EntityFrameworkCore.MySql:6.0.3' with options: ServerVersion 8.0.41-mysql 
2025-03-10 15:23:41.647 -06:00 [INF] Executed DbCommand (2ms) [Parameters=[], CommandType='"Text"', CommandTimeout='30']
SELECT `j`.`JobTypeId`, `j`.`JobDescription`, `j`.`JobTypeName`
FROM `JobTypes` AS `j`
2025-03-10 15:23:41.651 -06:00 [INF] Executed DbCommand (1ms) [Parameters=[], CommandType='"Text"', CommandTimeout='30']
SELECT `j`.`JobId`, `j`.`IsRunning`, `j`.`JobName`, `j`.`JobTypeId`
FROM `Jobs` AS `j`
WHERE `j`.`IsRunning`
2025-03-10 15:23:41.653 -06:00 [INF] Executing OkObjectResult, writing value of type 'System.Collections.Generic.List`1[[JobsAPI.DTOs.JobDTO, JobsAPI, Version=0.0.0.0, Culture=neutral, PublicKeyToken=null]]'.
2025-03-10 15:23:41.654 -06:00 [INF] Executed action JobsAPI.Controllers.JobsController.GetRunningJobs (JobsAPI) in 13.3321ms
2025-03-10 15:23:41.655 -06:00 [INF] Executed endpoint 'JobsAPI.Controllers.JobsController.GetRunningJobs (JobsAPI)'
2025-03-10 15:23:41.656 -06:00 [INF] Request finished HTTP/1.1 GET https://localhost:7163/api/jobs/running - - - 200 - application/json;+charset=utf-8 17.6060ms
2025-03-10 21:20:55.944 -06:00 [INF] Starting application...
2025-03-10 21:20:56.349 -06:00 [INF] Now listening on: https://localhost:7163
2025-03-10 21:20:56.358 -06:00 [INF] Now listening on: http://localhost:5223
2025-03-10 21:20:56.629 -06:00 [INF] Application started. Press Ctrl+C to shut down.
2025-03-10 21:20:56.632 -06:00 [INF] Hosting environment: Development
2025-03-10 21:20:56.634 -06:00 [INF] Content root path: C:\Users\Ricardo\OneDrive\Desktop\pruebas\Jobs\JobsAPI\
2025-03-10 21:20:58.507 -06:00 [INF] Request starting HTTP/2 GET https://localhost:7163/swagger/index.html - -
2025-03-10 21:20:59.248 -06:00 [INF] Request finished HTTP/2 GET https://localhost:7163/swagger/index.html - - - 200 - text/html;charset=utf-8 749.5422ms
2025-03-10 21:20:59.291 -06:00 [INF] Request starting HTTP/2 GET https://localhost:7163/_framework/aspnetcore-browser-refresh.js - -
2025-03-10 21:20:59.302 -06:00 [INF] Request finished HTTP/2 GET https://localhost:7163/_framework/aspnetcore-browser-refresh.js - - - 200 12346 application/javascript;+charset=utf-8 10.8475ms
2025-03-10 21:20:59.772 -06:00 [INF] Request starting HTTP/2 GET https://localhost:7163/_vs/browserLink - -
2025-03-10 21:20:59.985 -06:00 [INF] Request finished HTTP/2 GET https://localhost:7163/_vs/browserLink - - - 200 - text/javascript;+charset=UTF-8 212.9548ms
2025-03-10 21:21:00.690 -06:00 [INF] Request starting HTTP/2 GET https://localhost:7163/swagger/v1/swagger.json - -
2025-03-10 21:21:00.704 -06:00 [INF] Request finished HTTP/2 GET https://localhost:7163/swagger/v1/swagger.json - - - 200 - application/json;charset=utf-8 14.5677ms
2025-03-10 21:21:48.995 -06:00 [INF] Request starting HTTP/1.1 GET https://localhost:7163/api/JobType - -
2025-03-10 21:21:49.009 -06:00 [INF] Executing endpoint 'JobsAPI.Controllers.JobTypeController.GetJobTypes (JobsAPI)'
2025-03-10 21:21:49.054 -06:00 [INF] Route matched with {action = "GetJobTypes", controller = "JobType"}. Executing controller action with signature System.Threading.Tasks.Task`1[Microsoft.AspNetCore.Mvc.ActionResult`1[System.Collections.Generic.IEnumerable`1[JobsAPI.DTOs.JobTypeDTO]]] GetJobTypes() on controller JobsAPI.Controllers.JobTypeController (JobsAPI).
2025-03-10 21:21:50.923 -06:00 [INF] Entity Framework Core 6.0.36 initialized 'JobDbContext' using provider 'Pomelo.EntityFrameworkCore.MySql:6.0.3' with options: ServerVersion 8.0.41-mysql 
2025-03-10 21:21:51.658 -06:00 [INF] Executed DbCommand (60ms) [Parameters=[], CommandType='"Text"', CommandTimeout='30']
SELECT `j`.`JobTypeId`, `j`.`JobDescription`, `j`.`JobTypeName`
FROM `JobTypes` AS `j`
2025-03-10 21:21:51.860 -06:00 [INF] Executing OkObjectResult, writing value of type 'System.Collections.Generic.List`1[[JobsAPI.DTOs.JobTypeDTO, JobsAPI, Version=0.0.0.0, Culture=neutral, PublicKeyToken=null]]'.
2025-03-10 21:21:51.890 -06:00 [INF] Executed action JobsAPI.Controllers.JobTypeController.GetJobTypes (JobsAPI) in 2824.4498ms
2025-03-10 21:21:51.896 -06:00 [INF] Executed endpoint 'JobsAPI.Controllers.JobTypeController.GetJobTypes (JobsAPI)'
2025-03-10 21:21:51.917 -06:00 [INF] Request finished HTTP/1.1 GET https://localhost:7163/api/JobType - - - 200 - application/json;+charset=utf-8 2921.7686ms
2025-03-10 21:22:16.674 -06:00 [INF] Request starting HTTP/1.1 POST https://localhost:7163/api/jobtype application/json;+charset=utf-8 22
2025-03-10 21:22:16.676 -06:00 [INF] Executing endpoint 'JobsAPI.Controllers.JobTypeController.CreateJobType (JobsAPI)'
2025-03-10 21:22:16.697 -06:00 [INF] Route matched with {action = "CreateJobType", controller = "JobType"}. Executing controller action with signature System.Threading.Tasks.Task`1[Microsoft.AspNetCore.Mvc.ActionResult`1[JobsAPI.Models.JobType]] CreateJobType(JobsAPI.DTOs.JobTypeDTO) on controller JobsAPI.Controllers.JobTypeController (JobsAPI).
2025-03-10 21:22:16.814 -06:00 [INF] Entity Framework Core 6.0.36 initialized 'JobDbContext' using provider 'Pomelo.EntityFrameworkCore.MySql:6.0.3' with options: ServerVersion 8.0.41-mysql 
2025-03-10 21:22:17.006 -06:00 [INF] Executed DbCommand (48ms) [Parameters=[@__jobType_JobTypeName_0='?' (Size = 100)], CommandType='"Text"', CommandTimeout='30']
SELECT EXISTS (
    SELECT 1
    FROM `JobTypes` AS `j`
    WHERE `j`.`JobTypeName` = @__jobType_JobTypeName_0)
2025-03-10 21:22:17.015 -06:00 [INF] Executing BadRequestObjectResult, writing value of type 'System.String'.
2025-03-10 21:22:17.017 -06:00 [INF] Executed action JobsAPI.Controllers.JobTypeController.CreateJobType (JobsAPI) in 318.2785ms
2025-03-10 21:22:17.019 -06:00 [INF] Executed endpoint 'JobsAPI.Controllers.JobTypeController.CreateJobType (JobsAPI)'
2025-03-10 21:22:17.020 -06:00 [INF] Request finished HTTP/1.1 POST https://localhost:7163/api/jobtype application/json;+charset=utf-8 22 - 400 - text/plain;+charset=utf-8 345.7568ms
2025-03-10 21:22:36.553 -06:00 [INF] Request starting HTTP/1.1 GET https://localhost:7163/api/jobs/running - -
2025-03-10 21:22:36.555 -06:00 [INF] Executing endpoint 'JobsAPI.Controllers.JobsController.GetRunningJobs (JobsAPI)'
2025-03-10 21:22:36.560 -06:00 [INF] Route matched with {action = "GetRunningJobs", controller = "Jobs"}. Executing controller action with signature System.Threading.Tasks.Task`1[Microsoft.AspNetCore.Mvc.IActionResult] GetRunningJobs() on controller JobsAPI.Controllers.JobsController (JobsAPI).
2025-03-10 21:22:36.629 -06:00 [INF] Entity Framework Core 6.0.36 initialized 'JobDbContext' using provider 'Pomelo.EntityFrameworkCore.MySql:6.0.3' with options: ServerVersion 8.0.41-mysql 
2025-03-10 21:22:36.645 -06:00 [INF] Executed DbCommand (2ms) [Parameters=[], CommandType='"Text"', CommandTimeout='30']
SELECT `j`.`JobTypeId`, `j`.`JobDescription`, `j`.`JobTypeName`
FROM `JobTypes` AS `j`
2025-03-10 21:22:36.663 -06:00 [INF] Executed DbCommand (2ms) [Parameters=[], CommandType='"Text"', CommandTimeout='30']
SELECT `j`.`JobId`, `j`.`IsRunning`, `j`.`JobName`, `j`.`JobTypeId`
FROM `Jobs` AS `j`
WHERE `j`.`IsRunning`
2025-03-10 21:22:36.667 -06:00 [INF] Executing OkObjectResult, writing value of type 'System.Collections.Generic.List`1[[JobsAPI.DTOs.JobDTO, JobsAPI, Version=0.0.0.0, Culture=neutral, PublicKeyToken=null]]'.
2025-03-10 21:22:36.670 -06:00 [INF] Executed action JobsAPI.Controllers.JobsController.GetRunningJobs (JobsAPI) in 107.2721ms
2025-03-10 21:22:36.671 -06:00 [INF] Executed endpoint 'JobsAPI.Controllers.JobsController.GetRunningJobs (JobsAPI)'
2025-03-10 21:22:36.673 -06:00 [INF] Request finished HTTP/1.1 GET https://localhost:7163/api/jobs/running - - - 200 - application/json;+charset=utf-8 119.8171ms
