2025-03-09 11:36:30.403 -06:00 [INF] Entity Framework Core 6.0.36 initialized 'JobDbContext' using provider 'Pomelo.EntityFrameworkCore.MySql:6.0.3' with options: ServerVersion 8.0.41-mysql 
2025-03-09 11:36:49.148 -06:00 [INF] Entity Framework Core 6.0.36 initialized 'JobDbContext' using provider 'Pomelo.EntityFrameworkCore.MySql:6.0.3' with options: ServerVersion 8.0.41-mysql 
2025-03-09 11:36:49.340 -06:00 [INF] Executed DbCommand (26ms) [Parameters=[], CommandType='"Text"', CommandTimeout='30']
SELECT 1 FROM INFORMATION_SCHEMA.TABLES WHERE TABLE_SCHEMA='jobdb' AND TABLE_NAME='__EFMigrationsHistory';
2025-03-09 11:36:49.363 -06:00 [INF] Executed DbCommand (1ms) [Parameters=[], CommandType='"Text"', CommandTimeout='30']
SELECT 1 FROM INFORMATION_SCHEMA.TABLES WHERE TABLE_SCHEMA='jobdb' AND TABLE_NAME='__EFMigrationsHistory';
2025-03-09 11:36:49.389 -06:00 [INF] Executed DbCommand (3ms) [Parameters=[], CommandType='"Text"', CommandTimeout='30']
SELECT `MigrationId`, `ProductVersion`
FROM `__EFMigrationsHistory`
ORDER BY `MigrationId`;
2025-03-09 11:36:49.408 -06:00 [INF] Applying migration '20250309173630_change_GUID_to_int'.
2025-03-09 11:36:49.488 -06:00 [ERR] Failed executing DbCommand (42ms) [Parameters=[], CommandType='"Text"', CommandTimeout='30']
ALTER TABLE `Jobs` MODIFY COLUMN `JobId` int NOT NULL AUTO_INCREMENT;
2025-03-09 11:37:37.300 -06:00 [INF] Entity Framework Core 6.0.36 initialized 'JobDbContext' using provider 'Pomelo.EntityFrameworkCore.MySql:6.0.3' with options: ServerVersion 8.0.41-mysql 
2025-03-09 11:37:37.529 -06:00 [INF] Executed DbCommand (17ms) [Parameters=[], CommandType='"Text"', CommandTimeout='30']
SELECT 1 FROM INFORMATION_SCHEMA.TABLES WHERE TABLE_SCHEMA='jobdb' AND TABLE_NAME='__EFMigrationsHistory';
2025-03-09 11:37:37.553 -06:00 [INF] Executed DbCommand (1ms) [Parameters=[], CommandType='"Text"', CommandTimeout='30']
SELECT 1 FROM INFORMATION_SCHEMA.TABLES WHERE TABLE_SCHEMA='jobdb' AND TABLE_NAME='__EFMigrationsHistory';
2025-03-09 11:37:37.579 -06:00 [INF] Executed DbCommand (3ms) [Parameters=[], CommandType='"Text"', CommandTimeout='30']
SELECT `MigrationId`, `ProductVersion`
FROM `__EFMigrationsHistory`
ORDER BY `MigrationId`;
2025-03-09 11:37:37.597 -06:00 [INF] Applying migration '20250309173630_change_GUID_to_int'.
2025-03-09 11:37:37.711 -06:00 [INF] Executed DbCommand (78ms) [Parameters=[], CommandType='"Text"', CommandTimeout='30']
ALTER TABLE `Jobs` MODIFY COLUMN `JobId` int NOT NULL AUTO_INCREMENT;
2025-03-09 11:37:37.715 -06:00 [INF] Executed DbCommand (3ms) [Parameters=[], CommandType='"Text"', CommandTimeout='30']
INSERT INTO `__EFMigrationsHistory` (`MigrationId`, `ProductVersion`)
VALUES ('20250309173630_change_GUID_to_int', '6.0.36');
2025-03-09 18:56:15.111 -06:00 [INF] Starting application...
2025-03-09 18:56:15.374 -06:00 [INF] Now listening on: https://localhost:7163
2025-03-09 18:56:15.378 -06:00 [INF] Now listening on: http://localhost:5223
2025-03-09 18:56:15.531 -06:00 [INF] Application started. Press Ctrl+C to shut down.
2025-03-09 18:56:15.532 -06:00 [INF] Hosting environment: Development
2025-03-09 18:56:15.533 -06:00 [INF] Content root path: C:\Users\Ricardo\OneDrive\Desktop\pruebas\Jobs\JobsAPI\
2025-03-09 18:56:15.978 -06:00 [INF] Request starting HTTP/2 GET https://localhost:7163/swagger/index.html - -
2025-03-09 18:56:16.271 -06:00 [INF] Request finished HTTP/2 GET https://localhost:7163/swagger/index.html - - - 200 - text/html;charset=utf-8 298.8465ms
2025-03-09 18:56:16.325 -06:00 [INF] Request starting HTTP/2 GET https://localhost:7163/_framework/aspnetcore-browser-refresh.js - -
2025-03-09 18:56:16.330 -06:00 [INF] Request finished HTTP/2 GET https://localhost:7163/_framework/aspnetcore-browser-refresh.js - - - 200 12346 application/javascript;+charset=utf-8 5.8262ms
2025-03-09 18:56:16.518 -06:00 [INF] Request starting HTTP/2 GET https://localhost:7163/_vs/browserLink - -
2025-03-09 18:56:16.581 -06:00 [INF] Request finished HTTP/2 GET https://localhost:7163/_vs/browserLink - - - 200 - text/javascript;+charset=UTF-8 62.9359ms
2025-03-09 18:56:17.109 -06:00 [INF] Request starting HTTP/2 GET https://localhost:7163/swagger/v1/swagger.json - -
2025-03-09 18:56:17.116 -06:00 [INF] Request finished HTTP/2 GET https://localhost:7163/swagger/v1/swagger.json - - - 200 - application/json;charset=utf-8 7.6815ms
2025-03-09 18:56:25.875 -06:00 [INF] Request starting HTTP/1.1 POST https://localhost:7163/api/jobtype application/json;+charset=utf-8 22
2025-03-09 18:56:25.883 -06:00 [INF] Executing endpoint 'JobsAPI.Controllers.JobTypeController.CreateJobType (JobsAPI)'
2025-03-09 18:56:25.915 -06:00 [INF] Route matched with {action = "CreateJobType", controller = "JobType"}. Executing controller action with signature System.Threading.Tasks.Task`1[Microsoft.AspNetCore.Mvc.ActionResult`1[JobsAPI.Models.JobType]] CreateJobType(JobsAPI.DTOs.JobTypeDTO) on controller JobsAPI.Controllers.JobTypeController (JobsAPI).
2025-03-09 18:56:27.060 -06:00 [INF] Entity Framework Core 6.0.36 initialized 'JobDbContext' using provider 'Pomelo.EntityFrameworkCore.MySql:6.0.3' with options: ServerVersion 8.0.41-mysql 
2025-03-09 18:56:27.449 -06:00 [INF] Executed DbCommand (44ms) [Parameters=[@__jobType_JobTypeName_0='?' (Size = 100)], CommandType='"Text"', CommandTimeout='30']
SELECT EXISTS (
    SELECT 1
    FROM `JobTypes` AS `j`
    WHERE `j`.`JobTypeName` = @__jobType_JobTypeName_0)
2025-03-09 18:56:27.518 -06:00 [INF] Executing BadRequestObjectResult, writing value of type 'System.String'.
2025-03-09 18:56:27.526 -06:00 [INF] Executed action JobsAPI.Controllers.JobTypeController.CreateJobType (JobsAPI) in 1604.9939ms
2025-03-09 18:56:27.528 -06:00 [INF] Executed endpoint 'JobsAPI.Controllers.JobTypeController.CreateJobType (JobsAPI)'
2025-03-09 18:56:27.538 -06:00 [INF] Request finished HTTP/1.1 POST https://localhost:7163/api/jobtype application/json;+charset=utf-8 22 - 400 - text/plain;+charset=utf-8 1663.2764ms
2025-03-09 18:56:39.652 -06:00 [INF] Request starting HTTP/1.1 GET https://localhost:7163/api/JobType - -
2025-03-09 18:56:39.654 -06:00 [INF] Executing endpoint 'JobsAPI.Controllers.JobTypeController.GetJobTypes (JobsAPI)'
2025-03-09 18:56:39.656 -06:00 [INF] Route matched with {action = "GetJobTypes", controller = "JobType"}. Executing controller action with signature System.Threading.Tasks.Task`1[Microsoft.AspNetCore.Mvc.ActionResult`1[System.Collections.Generic.IEnumerable`1[JobsAPI.DTOs.JobTypeDTO]]] GetJobTypes() on controller JobsAPI.Controllers.JobTypeController (JobsAPI).
2025-03-09 18:56:39.673 -06:00 [INF] Entity Framework Core 6.0.36 initialized 'JobDbContext' using provider 'Pomelo.EntityFrameworkCore.MySql:6.0.3' with options: ServerVersion 8.0.41-mysql 
2025-03-09 18:56:39.751 -06:00 [INF] Executed DbCommand (7ms) [Parameters=[], CommandType='"Text"', CommandTimeout='30']
SELECT `j`.`JobTypeId`, `j`.`JobDescription`, `j`.`JobTypeName`
FROM `JobTypes` AS `j`
2025-03-09 18:56:39.802 -06:00 [INF] Executing OkObjectResult, writing value of type 'System.Collections.Generic.List`1[[JobsAPI.DTOs.JobTypeDTO, JobsAPI, Version=0.0.0.0, Culture=neutral, PublicKeyToken=null]]'.
2025-03-09 18:56:39.805 -06:00 [INF] Executed action JobsAPI.Controllers.JobTypeController.GetJobTypes (JobsAPI) in 147.88ms
2025-03-09 18:56:39.806 -06:00 [INF] Executed endpoint 'JobsAPI.Controllers.JobTypeController.GetJobTypes (JobsAPI)'
2025-03-09 18:56:39.807 -06:00 [INF] Request finished HTTP/1.1 GET https://localhost:7163/api/JobType - - - 200 - application/json;+charset=utf-8 154.9969ms
2025-03-09 18:57:00.259 -06:00 [INF] Request starting HTTP/1.1 POST https://localhost:7163/api/jobs/cancel/2 - 0
2025-03-09 18:57:00.260 -06:00 [INF] Executing endpoint 'JobsAPI.Controllers.JobsController.CancelJob (JobsAPI)'
2025-03-09 18:57:00.264 -06:00 [INF] Route matched with {action = "CancelJob", controller = "Jobs"}. Executing controller action with signature System.Threading.Tasks.Task`1[Microsoft.AspNetCore.Mvc.IActionResult] CancelJob(Int32) on controller JobsAPI.Controllers.JobsController (JobsAPI).
2025-03-09 18:57:00.299 -06:00 [INF] Entity Framework Core 6.0.36 initialized 'JobDbContext' using provider 'Pomelo.EntityFrameworkCore.MySql:6.0.3' with options: ServerVersion 8.0.41-mysql 
2025-03-09 18:57:00.324 -06:00 [INF] Executed DbCommand (3ms) [Parameters=[@__p_0='?' (DbType = Int32)], CommandType='"Text"', CommandTimeout='30']
SELECT `j`.`JobId`, `j`.`IsRunning`, `j`.`JobName`, `j`.`JobTypeId`
FROM `Jobs` AS `j`
WHERE `j`.`JobId` = @__p_0
LIMIT 1
2025-03-09 18:57:00.329 -06:00 [INF] Executing NotFoundObjectResult, writing value of type '<>f__AnonymousType3`1[[System.String, System.Private.CoreLib, Version=6.0.0.0, Culture=neutral, PublicKeyToken=7cec85d7bea7798e]]'.
2025-03-09 18:57:00.331 -06:00 [INF] Executed action JobsAPI.Controllers.JobsController.CancelJob (JobsAPI) in 66.0773ms
2025-03-09 18:57:00.332 -06:00 [INF] Executed endpoint 'JobsAPI.Controllers.JobsController.CancelJob (JobsAPI)'
2025-03-09 18:57:00.333 -06:00 [INF] Request finished HTTP/1.1 POST https://localhost:7163/api/jobs/cancel/2 - 0 - 404 - application/json;+charset=utf-8 73.5991ms
2025-03-09 18:57:08.278 -06:00 [INF] Request starting HTTP/1.1 GET https://localhost:7163/api/jobs/running - -
2025-03-09 18:57:08.280 -06:00 [INF] Executing endpoint 'JobsAPI.Controllers.JobsController.GetRunningJobs (JobsAPI)'
2025-03-09 18:57:08.282 -06:00 [INF] Route matched with {action = "GetRunningJobs", controller = "Jobs"}. Executing controller action with signature System.Threading.Tasks.Task`1[Microsoft.AspNetCore.Mvc.IActionResult] GetRunningJobs() on controller JobsAPI.Controllers.JobsController (JobsAPI).
2025-03-09 18:57:08.288 -06:00 [INF] Entity Framework Core 6.0.36 initialized 'JobDbContext' using provider 'Pomelo.EntityFrameworkCore.MySql:6.0.3' with options: ServerVersion 8.0.41-mysql 
2025-03-09 18:57:08.295 -06:00 [INF] Executed DbCommand (1ms) [Parameters=[], CommandType='"Text"', CommandTimeout='30']
SELECT `j`.`JobTypeId`, `j`.`JobDescription`, `j`.`JobTypeName`
FROM `JobTypes` AS `j`
2025-03-09 18:57:08.304 -06:00 [INF] Executed DbCommand (1ms) [Parameters=[], CommandType='"Text"', CommandTimeout='30']
SELECT `j`.`JobId`, `j`.`IsRunning`, `j`.`JobName`, `j`.`JobTypeId`
FROM `Jobs` AS `j`
WHERE `j`.`IsRunning`
2025-03-09 18:57:08.306 -06:00 [INF] Executing OkObjectResult, writing value of type 'System.Collections.Generic.List`1[[JobsAPI.DTOs.JobDTO, JobsAPI, Version=0.0.0.0, Culture=neutral, PublicKeyToken=null]]'.
2025-03-09 18:57:08.307 -06:00 [INF] Executed action JobsAPI.Controllers.JobsController.GetRunningJobs (JobsAPI) in 24.4449ms
2025-03-09 18:57:08.308 -06:00 [INF] Executed endpoint 'JobsAPI.Controllers.JobsController.GetRunningJobs (JobsAPI)'
2025-03-09 18:57:08.309 -06:00 [INF] Request finished HTTP/1.1 GET https://localhost:7163/api/jobs/running - - - 200 - application/json;+charset=utf-8 31.0842ms
2025-03-09 18:57:16.225 -06:00 [INF] Request starting HTTP/1.1 GET https://localhost:7163/api/jobs/status/1 - -
2025-03-09 18:57:16.226 -06:00 [INF] Executing endpoint 'JobsAPI.Controllers.JobsController.GetJobStatus (JobsAPI)'
2025-03-09 18:57:16.228 -06:00 [INF] Route matched with {action = "GetJobStatus", controller = "Jobs"}. Executing controller action with signature System.Threading.Tasks.Task`1[Microsoft.AspNetCore.Mvc.IActionResult] GetJobStatus(Int32) on controller JobsAPI.Controllers.JobsController (JobsAPI).
2025-03-09 18:57:16.234 -06:00 [INF] Entity Framework Core 6.0.36 initialized 'JobDbContext' using provider 'Pomelo.EntityFrameworkCore.MySql:6.0.3' with options: ServerVersion 8.0.41-mysql 
2025-03-09 18:57:16.242 -06:00 [INF] Executed DbCommand (2ms) [Parameters=[@__p_0='?' (DbType = Int32)], CommandType='"Text"', CommandTimeout='30']
SELECT `j`.`JobId`, `j`.`IsRunning`, `j`.`JobName`, `j`.`JobTypeId`
FROM `Jobs` AS `j`
WHERE `j`.`JobId` = @__p_0
LIMIT 1
2025-03-09 18:57:16.244 -06:00 [INF] Executing OkObjectResult, writing value of type '<>f__AnonymousType2`2[[System.Int32, System.Private.CoreLib, Version=6.0.0.0, Culture=neutral, PublicKeyToken=7cec85d7bea7798e],[System.String, System.Private.CoreLib, Version=6.0.0.0, Culture=neutral, PublicKeyToken=7cec85d7bea7798e]]'.
2025-03-09 18:57:16.245 -06:00 [INF] Executed action JobsAPI.Controllers.JobsController.GetJobStatus (JobsAPI) in 15.225ms
2025-03-09 18:57:16.246 -06:00 [INF] Executed endpoint 'JobsAPI.Controllers.JobsController.GetJobStatus (JobsAPI)'
2025-03-09 18:57:16.247 -06:00 [INF] Request finished HTTP/1.1 GET https://localhost:7163/api/jobs/status/1 - - - 200 - application/json;+charset=utf-8 22.4501ms
