2025-03-08 16:18:29.327 -06:00 [INF] Starting application...
2025-03-08 16:18:29.610 -06:00 [INF] Now listening on: https://localhost:7163
2025-03-08 16:18:29.617 -06:00 [INF] Now listening on: http://localhost:5223
2025-03-08 16:18:29.865 -06:00 [INF] Application started. Press Ctrl+C to shut down.
2025-03-08 16:18:29.867 -06:00 [INF] Hosting environment: Development
2025-03-08 16:18:29.869 -06:00 [INF] Content root path: C:\Users\Ricardo\OneDrive\Desktop\pruebas\Jobs\JobsAPI\
2025-03-08 16:18:31.614 -06:00 [INF] Request starting HTTP/2 GET https://localhost:7163/swagger/index.html - -
2025-03-08 16:18:32.159 -06:00 [INF] Request finished HTTP/2 GET https://localhost:7163/swagger/index.html - - - 200 - text/html;charset=utf-8 547.7889ms
2025-03-08 16:18:32.233 -06:00 [INF] Request starting HTTP/2 GET https://localhost:7163/_framework/aspnetcore-browser-refresh.js - -
2025-03-08 16:18:32.274 -06:00 [INF] Request finished HTTP/2 GET https://localhost:7163/_framework/aspnetcore-browser-refresh.js - - - 200 12346 application/javascript;+charset=utf-8 40.5624ms
2025-03-08 16:18:32.754 -06:00 [INF] Request starting HTTP/2 GET https://localhost:7163/_vs/browserLink - -
2025-03-08 16:18:32.896 -06:00 [INF] Request finished HTTP/2 GET https://localhost:7163/_vs/browserLink - - - 200 - text/javascript;+charset=UTF-8 142.1833ms
2025-03-08 16:18:34.040 -06:00 [INF] Request starting HTTP/2 GET https://localhost:7163/swagger/v1/swagger.json - -
2025-03-08 16:18:34.052 -06:00 [INF] Request finished HTTP/2 GET https://localhost:7163/swagger/v1/swagger.json - - - 200 - application/json;charset=utf-8 12.7214ms
2025-03-08 16:22:08.844 -06:00 [INF] Request starting HTTP/1.1 POST https://localhost:7163/api/jobtypes application/json;+charset=utf-8 15
2025-03-08 16:22:08.866 -06:00 [INF] Request finished HTTP/1.1 POST https://localhost:7163/api/jobtypes application/json;+charset=utf-8 15 - 404 0 - 21.3699ms
2025-03-08 16:42:22.630 -06:00 [INF] Starting application...
2025-03-08 16:42:23.083 -06:00 [INF] Now listening on: https://localhost:7163
2025-03-08 16:42:23.094 -06:00 [INF] Now listening on: http://localhost:5223
2025-03-08 16:42:23.455 -06:00 [INF] Application started. Press Ctrl+C to shut down.
2025-03-08 16:42:23.458 -06:00 [INF] Hosting environment: Development
2025-03-08 16:42:23.460 -06:00 [INF] Content root path: C:\Users\Ricardo\OneDrive\Desktop\pruebas\Jobs\JobsAPI\
2025-03-08 16:42:24.903 -06:00 [INF] Request starting HTTP/2 GET https://localhost:7163/swagger/index.html - -
2025-03-08 16:42:25.648 -06:00 [INF] Request finished HTTP/2 GET https://localhost:7163/swagger/index.html - - - 200 - text/html;charset=utf-8 755.2105ms
2025-03-08 16:42:25.695 -06:00 [INF] Request starting HTTP/2 GET https://localhost:7163/_framework/aspnetcore-browser-refresh.js - -
2025-03-08 16:42:25.762 -06:00 [INF] Request finished HTTP/2 GET https://localhost:7163/_framework/aspnetcore-browser-refresh.js - - - 200 12346 application/javascript;+charset=utf-8 67.3958ms
2025-03-08 16:42:26.293 -06:00 [INF] Request starting HTTP/2 GET https://localhost:7163/_vs/browserLink - -
2025-03-08 16:42:26.425 -06:00 [INF] Request finished HTTP/2 GET https://localhost:7163/_vs/browserLink - - - 200 - text/javascript;+charset=UTF-8 131.5971ms
2025-03-08 16:42:27.950 -06:00 [INF] Request starting HTTP/2 GET https://localhost:7163/swagger/v1/swagger.json - -
2025-03-08 16:42:27.973 -06:00 [INF] Request finished HTTP/2 GET https://localhost:7163/swagger/v1/swagger.json - - - 200 - application/json;charset=utf-8 23.6211ms
2025-03-08 16:44:45.121 -06:00 [INF] Request starting HTTP/1.1 POST https://localhost:7163/api/jobtypes application/json;+charset=utf-8 15
2025-03-08 16:44:45.135 -06:00 [INF] Request finished HTTP/1.1 POST https://localhost:7163/api/jobtypes application/json;+charset=utf-8 15 - 404 0 - 13.7446ms
2025-03-08 16:49:10.525 -06:00 [INF] Request starting HTTP/1.1 GET https://localhost:7163/api/jobtypes - -
2025-03-08 16:49:10.527 -06:00 [INF] Request finished HTTP/1.1 GET https://localhost:7163/api/jobtypes - - - 404 0 - 2.0914ms
2025-03-08 16:52:13.687 -06:00 [INF] Request starting HTTP/1.1 POST https://localhost:7163/api/jobs/start application/json;+charset=utf-8 33
2025-03-08 16:52:13.697 -06:00 [INF] Executing endpoint 'JobsAPI.Controllers.JobsController.StartJob (JobsAPI)'
2025-03-08 16:52:13.732 -06:00 [INF] Route matched with {action = "StartJob", controller = "Jobs"}. Executing controller action with signature System.Threading.Tasks.Task`1[Microsoft.AspNetCore.Mvc.IActionResult] StartJob(JobsAPI.DTOs.JobRequestDto) on controller JobsAPI.Controllers.JobsController (JobsAPI).
2025-03-08 16:52:14.879 -06:00 [INF] Entity Framework Core 6.0.36 initialized 'JobDbContext' using provider 'Pomelo.EntityFrameworkCore.MySql:6.0.3' with options: ServerVersion 8.0.41-mysql 
2025-03-08 16:52:15.315 -06:00 [INF] Executed DbCommand (46ms) [Parameters=[@__jobTypeName_0='?' (Size = 100)], CommandType='"Text"', CommandTimeout='30']
SELECT `j`.`JobTypeId`, `j`.`JobDescription`, `j`.`JobTypeName`
FROM `JobTypes` AS `j`
WHERE `j`.`JobTypeName` = @__jobTypeName_0
LIMIT 1
2025-03-08 16:52:15.370 -06:00 [WRN] Job type  not found.
2025-03-08 16:52:15.443 -06:00 [INF] Executing BadRequestObjectResult, writing value of type '<>f__AnonymousType1`1[[System.String, System.Private.CoreLib, Version=6.0.0.0, Culture=neutral, PublicKeyToken=7cec85d7bea7798e]]'.
2025-03-08 16:52:15.451 -06:00 [INF] Executed action JobsAPI.Controllers.JobsController.StartJob (JobsAPI) in 1714.1849ms
2025-03-08 16:52:15.454 -06:00 [INF] Executed endpoint 'JobsAPI.Controllers.JobsController.StartJob (JobsAPI)'
2025-03-08 16:52:15.463 -06:00 [INF] Request finished HTTP/1.1 POST https://localhost:7163/api/jobs/start application/json;+charset=utf-8 33 - 400 - application/json;+charset=utf-8 1775.8685ms
2025-03-08 16:53:32.123 -06:00 [INF] Request starting HTTP/1.1 GET https://localhost:7163/api/jobs/status/1 - -
2025-03-08 16:53:32.125 -06:00 [INF] Executing endpoint 'JobsAPI.Controllers.JobsController.GetJobStatus (JobsAPI)'
2025-03-08 16:53:32.129 -06:00 [INF] Route matched with {action = "GetJobStatus", controller = "Jobs"}. Executing controller action with signature System.Threading.Tasks.Task`1[Microsoft.AspNetCore.Mvc.IActionResult] GetJobStatus(System.Guid) on controller JobsAPI.Controllers.JobsController (JobsAPI).
2025-03-08 16:53:32.148 -06:00 [INF] Executing BadRequestObjectResult, writing value of type 'Microsoft.AspNetCore.Mvc.ValidationProblemDetails'.
2025-03-08 16:53:32.157 -06:00 [INF] Executed action JobsAPI.Controllers.JobsController.GetJobStatus (JobsAPI) in 25.4413ms
2025-03-08 16:53:32.158 -06:00 [INF] Executed endpoint 'JobsAPI.Controllers.JobsController.GetJobStatus (JobsAPI)'
2025-03-08 16:53:32.158 -06:00 [INF] Request finished HTTP/1.1 GET https://localhost:7163/api/jobs/status/1 - - - 400 - application/problem+json;+charset=utf-8 35.2143ms
2025-03-08 16:57:05.345 -06:00 [INF] Request starting HTTP/1.1 GET https://localhost:7163/api/jobs/running - -
2025-03-08 16:57:05.346 -06:00 [INF] Executing endpoint 'JobsAPI.Controllers.JobsController.GetRunningJobs (JobsAPI)'
2025-03-08 16:57:05.348 -06:00 [INF] Route matched with {action = "GetRunningJobs", controller = "Jobs"}. Executing controller action with signature System.Threading.Tasks.Task`1[Microsoft.AspNetCore.Mvc.IActionResult] GetRunningJobs() on controller JobsAPI.Controllers.JobsController (JobsAPI).
2025-03-08 16:57:05.367 -06:00 [INF] Entity Framework Core 6.0.36 initialized 'JobDbContext' using provider 'Pomelo.EntityFrameworkCore.MySql:6.0.3' with options: ServerVersion 8.0.41-mysql 
2025-03-08 16:57:05.409 -06:00 [INF] Executed DbCommand (7ms) [Parameters=[@__jobType_0='?' (Size = 100)], CommandType='"Text"', CommandTimeout='30']
SELECT `j`.`JobTypeId`
FROM `JobTypes` AS `j`
WHERE `j`.`JobTypeName` = @__jobType_0
LIMIT 1
2025-03-08 16:57:05.429 -06:00 [INF] Executed DbCommand (4ms) [Parameters=[@__JobTypeId_0='?' (DbType = Int32)], CommandType='"Text"', CommandTimeout='30']
SELECT `j`.`JobId`, `j`.`IsRunning`, `j`.`JobName`, `j`.`JobTypeId`
FROM `Jobs` AS `j`
WHERE (`j`.`JobTypeId` = @__JobTypeId_0) AND `j`.`IsRunning`
2025-03-08 16:57:05.431 -06:00 [INF] Executing OkObjectResult, writing value of type 'System.Collections.Generic.List`1[[JobsAPI.DTOs.JobDTO, JobsAPI, Version=0.0.0.0, Culture=neutral, PublicKeyToken=null]]'.
2025-03-08 16:57:05.437 -06:00 [INF] Executed action JobsAPI.Controllers.JobsController.GetRunningJobs (JobsAPI) in 88.1898ms
2025-03-08 16:57:05.439 -06:00 [INF] Executed endpoint 'JobsAPI.Controllers.JobsController.GetRunningJobs (JobsAPI)'
2025-03-08 16:57:05.439 -06:00 [INF] Request finished HTTP/1.1 GET https://localhost:7163/api/jobs/running - - - 200 - application/json;+charset=utf-8 94.9781ms
2025-03-08 16:57:46.821 -06:00 [INF] Request starting HTTP/1.1 POST https://localhost:7163/api/jobs/cancel/1 - 0
2025-03-08 16:57:46.823 -06:00 [INF] Executing endpoint 'JobsAPI.Controllers.JobsController.CancelJob (JobsAPI)'
2025-03-08 16:57:46.826 -06:00 [INF] Route matched with {action = "CancelJob", controller = "Jobs"}. Executing controller action with signature System.Threading.Tasks.Task`1[Microsoft.AspNetCore.Mvc.IActionResult] CancelJob(System.Guid) on controller JobsAPI.Controllers.JobsController (JobsAPI).
2025-03-08 16:57:46.828 -06:00 [INF] Executing BadRequestObjectResult, writing value of type 'Microsoft.AspNetCore.Mvc.ValidationProblemDetails'.
2025-03-08 16:57:46.829 -06:00 [INF] Executed action JobsAPI.Controllers.JobsController.CancelJob (JobsAPI) in 2.1752ms
2025-03-08 16:57:46.831 -06:00 [INF] Executed endpoint 'JobsAPI.Controllers.JobsController.CancelJob (JobsAPI)'
2025-03-08 16:57:46.832 -06:00 [INF] Request finished HTTP/1.1 POST https://localhost:7163/api/jobs/cancel/1 - 0 - 400 - application/problem+json;+charset=utf-8 10.3334ms
2025-03-08 17:13:28.841 -06:00 [INF] Starting application...
2025-03-08 17:13:29.039 -06:00 [INF] Now listening on: https://localhost:7163
2025-03-08 17:13:29.043 -06:00 [INF] Now listening on: http://localhost:5223
2025-03-08 17:13:29.174 -06:00 [INF] Application started. Press Ctrl+C to shut down.
2025-03-08 17:13:29.176 -06:00 [INF] Hosting environment: Development
2025-03-08 17:13:29.177 -06:00 [INF] Content root path: C:\Users\Ricardo\OneDrive\Desktop\pruebas\Jobs\JobsAPI\
2025-03-08 17:13:29.460 -06:00 [INF] Request starting HTTP/2 GET https://localhost:7163/swagger/index.html - -
2025-03-08 17:13:29.748 -06:00 [INF] Request finished HTTP/2 GET https://localhost:7163/swagger/index.html - - - 200 - text/html;charset=utf-8 291.2693ms
2025-03-08 17:13:29.787 -06:00 [INF] Request starting HTTP/2 GET https://localhost:7163/_framework/aspnetcore-browser-refresh.js - -
2025-03-08 17:13:29.795 -06:00 [INF] Request finished HTTP/2 GET https://localhost:7163/_framework/aspnetcore-browser-refresh.js - - - 200 12346 application/javascript;+charset=utf-8 7.0961ms
2025-03-08 17:13:30.031 -06:00 [INF] Request starting HTTP/2 GET https://localhost:7163/_vs/browserLink - -
2025-03-08 17:13:30.098 -06:00 [INF] Request finished HTTP/2 GET https://localhost:7163/_vs/browserLink - - - 200 - text/javascript;+charset=UTF-8 66.8478ms
2025-03-08 17:13:30.787 -06:00 [INF] Request starting HTTP/2 GET https://localhost:7163/swagger/v1/swagger.json - -
2025-03-08 17:13:30.802 -06:00 [INF] Request finished HTTP/2 GET https://localhost:7163/swagger/v1/swagger.json - - - 200 - application/json;charset=utf-8 14.4546ms
2025-03-08 17:13:49.343 -06:00 [INF] Request starting HTTP/2 GET https://localhost:7163/api/JobType - -
2025-03-08 17:13:49.355 -06:00 [INF] Executing endpoint 'JobsAPI.Controllers.JobTypeController.GetJobTypes (JobsAPI)'
2025-03-08 17:13:49.383 -06:00 [INF] Route matched with {action = "GetJobTypes", controller = "JobType"}. Executing controller action with signature System.Threading.Tasks.Task`1[Microsoft.AspNetCore.Mvc.ActionResult`1[System.Collections.Generic.IEnumerable`1[JobsAPI.DTOs.JobTypeDTO]]] GetJobTypes() on controller JobsAPI.Controllers.JobTypeController (JobsAPI).
2025-03-08 17:13:50.697 -06:00 [INF] Entity Framework Core 6.0.36 initialized 'JobDbContext' using provider 'Pomelo.EntityFrameworkCore.MySql:6.0.3' with options: ServerVersion 8.0.41-mysql 
2025-03-08 17:13:51.230 -06:00 [INF] Executed DbCommand (49ms) [Parameters=[], CommandType='"Text"', CommandTimeout='30']
SELECT `j`.`JobTypeId`, `j`.`JobDescription`, `j`.`JobTypeName`
FROM `JobTypes` AS `j`
2025-03-08 17:13:51.368 -06:00 [INF] Executing OkObjectResult, writing value of type 'System.Collections.Generic.List`1[[JobsAPI.DTOs.JobTypeDTO, JobsAPI, Version=0.0.0.0, Culture=neutral, PublicKeyToken=null]]'.
2025-03-08 17:13:51.380 -06:00 [INF] Executed action JobsAPI.Controllers.JobTypeController.GetJobTypes (JobsAPI) in 1991.8015ms
2025-03-08 17:13:51.383 -06:00 [INF] Executed endpoint 'JobsAPI.Controllers.JobTypeController.GetJobTypes (JobsAPI)'
2025-03-08 17:13:51.394 -06:00 [INF] Request finished HTTP/2 GET https://localhost:7163/api/JobType - - - 200 - application/json;+charset=utf-8 2050.5911ms
2025-03-08 17:36:00.845 -06:00 [INF] Starting application...
2025-03-08 17:36:01.109 -06:00 [INF] Now listening on: https://localhost:7163
2025-03-08 17:36:01.116 -06:00 [INF] Now listening on: http://localhost:5223
2025-03-08 17:36:01.277 -06:00 [INF] Application started. Press Ctrl+C to shut down.
2025-03-08 17:36:01.278 -06:00 [INF] Hosting environment: Development
2025-03-08 17:36:01.279 -06:00 [INF] Content root path: C:\Users\Ricardo\OneDrive\Desktop\pruebas\Jobs\JobsAPI\
2025-03-08 17:36:01.894 -06:00 [INF] Request starting HTTP/2 GET https://localhost:7163/swagger/index.html - -
2025-03-08 17:36:02.205 -06:00 [INF] Request finished HTTP/2 GET https://localhost:7163/swagger/index.html - - - 200 - text/html;charset=utf-8 319.4137ms
2025-03-08 17:36:02.293 -06:00 [INF] Request starting HTTP/2 GET https://localhost:7163/_framework/aspnetcore-browser-refresh.js - -
2025-03-08 17:36:02.300 -06:00 [INF] Request finished HTTP/2 GET https://localhost:7163/_framework/aspnetcore-browser-refresh.js - - - 200 12346 application/javascript;+charset=utf-8 6.8370ms
2025-03-08 17:36:02.490 -06:00 [INF] Request starting HTTP/2 GET https://localhost:7163/_vs/browserLink - -
2025-03-08 17:36:02.553 -06:00 [INF] Request finished HTTP/2 GET https://localhost:7163/_vs/browserLink - - - 200 - text/javascript;+charset=UTF-8 62.5905ms
2025-03-08 17:36:03.250 -06:00 [INF] Request starting HTTP/2 GET https://localhost:7163/swagger/v1/swagger.json - -
2025-03-08 17:36:03.263 -06:00 [INF] Request finished HTTP/2 GET https://localhost:7163/swagger/v1/swagger.json - - - 200 - application/json;charset=utf-8 12.2567ms
2025-03-08 17:37:13.070 -06:00 [INF] Request starting HTTP/1.1 POST https://localhost:7163/api/jobtypes application/json;+charset=utf-8 15
2025-03-08 17:37:13.082 -06:00 [INF] Request finished HTTP/1.1 POST https://localhost:7163/api/jobtypes application/json;+charset=utf-8 15 - 404 0 - 11.4534ms
2025-03-08 17:39:00.468 -06:00 [INF] Request starting HTTP/1.1 GET https://localhost:7163/api/jobtypes - -
2025-03-08 17:39:00.469 -06:00 [INF] Request finished HTTP/1.1 GET https://localhost:7163/api/jobtypes - - - 404 0 - 1.5952ms
2025-03-08 17:47:17.198 -06:00 [INF] Starting application...
2025-03-08 17:47:17.410 -06:00 [INF] Now listening on: https://localhost:7163
2025-03-08 17:47:17.415 -06:00 [INF] Now listening on: http://localhost:5223
2025-03-08 17:47:17.584 -06:00 [INF] Application started. Press Ctrl+C to shut down.
2025-03-08 17:47:17.586 -06:00 [INF] Hosting environment: Development
2025-03-08 17:47:17.588 -06:00 [INF] Content root path: C:\Users\Ricardo\OneDrive\Desktop\pruebas\Jobs\JobsAPI\
2025-03-08 17:47:17.927 -06:00 [INF] Request starting HTTP/2 GET https://localhost:7163/swagger/index.html - -
2025-03-08 17:47:18.179 -06:00 [INF] Request finished HTTP/2 GET https://localhost:7163/swagger/index.html - - - 200 - text/html;charset=utf-8 256.0579ms
2025-03-08 17:47:18.231 -06:00 [INF] Request starting HTTP/2 GET https://localhost:7163/_framework/aspnetcore-browser-refresh.js - -
2025-03-08 17:47:18.237 -06:00 [INF] Request finished HTTP/2 GET https://localhost:7163/_framework/aspnetcore-browser-refresh.js - - - 200 12346 application/javascript;+charset=utf-8 5.5412ms
2025-03-08 17:47:18.411 -06:00 [INF] Request starting HTTP/2 GET https://localhost:7163/_vs/browserLink - -
2025-03-08 17:47:18.459 -06:00 [INF] Request finished HTTP/2 GET https://localhost:7163/_vs/browserLink - - - 200 - text/javascript;+charset=UTF-8 48.2297ms
2025-03-08 17:47:18.951 -06:00 [INF] Request starting HTTP/2 GET https://localhost:7163/swagger/v1/swagger.json - -
2025-03-08 17:47:18.960 -06:00 [INF] Request finished HTTP/2 GET https://localhost:7163/swagger/v1/swagger.json - - - 200 - application/json;charset=utf-8 9.8145ms
2025-03-08 17:47:21.743 -06:00 [INF] Request starting HTTP/1.1 GET https://localhost:7163/api/jobtypes - -
2025-03-08 17:47:21.752 -06:00 [INF] Request finished HTTP/1.1 GET https://localhost:7163/api/jobtypes - - - 404 0 - 9.0900ms
2025-03-08 17:51:06.575 -06:00 [INF] Starting application...
2025-03-08 17:51:06.797 -06:00 [INF] Now listening on: https://localhost:7163
2025-03-08 17:51:06.802 -06:00 [INF] Now listening on: http://localhost:5223
2025-03-08 17:51:06.955 -06:00 [INF] Application started. Press Ctrl+C to shut down.
2025-03-08 17:51:06.957 -06:00 [INF] Hosting environment: Development
2025-03-08 17:51:06.958 -06:00 [INF] Content root path: C:\Users\Ricardo\OneDrive\Desktop\pruebas\Jobs\JobsAPI\
2025-03-08 17:51:07.068 -06:00 [INF] Request starting HTTP/2 GET https://localhost:7163/swagger/index.html - -
2025-03-08 17:51:07.338 -06:00 [INF] Request finished HTTP/2 GET https://localhost:7163/swagger/index.html - - - 200 - text/html;charset=utf-8 276.1708ms
2025-03-08 17:51:07.391 -06:00 [INF] Request starting HTTP/2 GET https://localhost:7163/_framework/aspnetcore-browser-refresh.js - -
2025-03-08 17:51:07.397 -06:00 [INF] Request finished HTTP/2 GET https://localhost:7163/_framework/aspnetcore-browser-refresh.js - - - 200 12346 application/javascript;+charset=utf-8 5.6454ms
2025-03-08 17:51:07.590 -06:00 [INF] Request starting HTTP/2 GET https://localhost:7163/_vs/browserLink - -
2025-03-08 17:51:07.647 -06:00 [INF] Request finished HTTP/2 GET https://localhost:7163/_vs/browserLink - - - 200 - text/javascript;+charset=UTF-8 56.4412ms
2025-03-08 17:51:08.237 -06:00 [INF] Request starting HTTP/2 GET https://localhost:7163/swagger/v1/swagger.json - -
2025-03-08 17:51:08.249 -06:00 [INF] Request finished HTTP/2 GET https://localhost:7163/swagger/v1/swagger.json - - - 200 - application/json;charset=utf-8 12.3288ms
2025-03-08 17:51:13.064 -06:00 [INF] Request starting HTTP/1.1 GET https://localhost:7163/api/jobtypes - -
2025-03-08 17:51:13.076 -06:00 [INF] Request finished HTTP/1.1 GET https://localhost:7163/api/jobtypes - - - 404 0 - 11.1055ms
2025-03-08 17:53:19.863 -06:00 [INF] Request starting HTTP/1.1 GET https://localhost:7163/api/jobtypes - -
2025-03-08 17:53:19.865 -06:00 [INF] Request finished HTTP/1.1 GET https://localhost:7163/api/jobtypes - - - 404 0 - 1.8099ms
2025-03-08 17:55:43.908 -06:00 [INF] Request starting HTTP/2 GET https://localhost:7163/api/JobType - -
2025-03-08 17:55:43.922 -06:00 [INF] Request starting HTTP/2 GET https://localhost:7163/api/JobType - -
2025-03-08 17:55:43.926 -06:00 [INF] Executing endpoint 'JobsAPI.Controllers.JobTypeController.GetJobTypes (JobsAPI)'
2025-03-08 17:55:43.926 -06:00 [INF] Executing endpoint 'JobsAPI.Controllers.JobTypeController.GetJobTypes (JobsAPI)'
2025-03-08 17:55:43.948 -06:00 [INF] Route matched with {action = "GetJobTypes", controller = "JobType"}. Executing controller action with signature System.Threading.Tasks.Task`1[Microsoft.AspNetCore.Mvc.ActionResult`1[System.Collections.Generic.IEnumerable`1[JobsAPI.DTOs.JobTypeDTO]]] GetJobTypes() on controller JobsAPI.Controllers.JobTypeController (JobsAPI).
2025-03-08 17:55:43.948 -06:00 [INF] Route matched with {action = "GetJobTypes", controller = "JobType"}. Executing controller action with signature System.Threading.Tasks.Task`1[Microsoft.AspNetCore.Mvc.ActionResult`1[System.Collections.Generic.IEnumerable`1[JobsAPI.DTOs.JobTypeDTO]]] GetJobTypes() on controller JobsAPI.Controllers.JobTypeController (JobsAPI).
2025-03-08 17:55:46.709 -06:00 [INF] Entity Framework Core 6.0.36 initialized 'JobDbContext' using provider 'Pomelo.EntityFrameworkCore.MySql:6.0.3' with options: ServerVersion 8.0.41-mysql 
2025-03-08 17:55:46.709 -06:00 [INF] Entity Framework Core 6.0.36 initialized 'JobDbContext' using provider 'Pomelo.EntityFrameworkCore.MySql:6.0.3' with options: ServerVersion 8.0.41-mysql 
2025-03-08 17:55:47.097 -06:00 [INF] Executed DbCommand (35ms) [Parameters=[], CommandType='"Text"', CommandTimeout='30']
SELECT `j`.`JobTypeId`, `j`.`JobDescription`, `j`.`JobTypeName`
FROM `JobTypes` AS `j`
2025-03-08 17:55:47.097 -06:00 [INF] Executed DbCommand (35ms) [Parameters=[], CommandType='"Text"', CommandTimeout='30']
SELECT `j`.`JobTypeId`, `j`.`JobDescription`, `j`.`JobTypeName`
FROM `JobTypes` AS `j`
2025-03-08 17:55:47.210 -06:00 [INF] Executing OkObjectResult, writing value of type 'System.Collections.Generic.List`1[[JobsAPI.DTOs.JobTypeDTO, JobsAPI, Version=0.0.0.0, Culture=neutral, PublicKeyToken=null]]'.
2025-03-08 17:55:47.210 -06:00 [INF] Executing OkObjectResult, writing value of type 'System.Collections.Generic.List`1[[JobsAPI.DTOs.JobTypeDTO, JobsAPI, Version=0.0.0.0, Culture=neutral, PublicKeyToken=null]]'.
2025-03-08 17:55:47.220 -06:00 [INF] Executed action JobsAPI.Controllers.JobTypeController.GetJobTypes (JobsAPI) in 3265.4877ms
2025-03-08 17:55:47.220 -06:00 [INF] Executed action JobsAPI.Controllers.JobTypeController.GetJobTypes (JobsAPI) in 3270.3963ms
2025-03-08 17:55:47.223 -06:00 [INF] Executed endpoint 'JobsAPI.Controllers.JobTypeController.GetJobTypes (JobsAPI)'
2025-03-08 17:55:47.223 -06:00 [INF] Executed endpoint 'JobsAPI.Controllers.JobTypeController.GetJobTypes (JobsAPI)'
2025-03-08 17:55:47.233 -06:00 [INF] Request finished HTTP/2 GET https://localhost:7163/api/JobType - - - 200 - application/json;+charset=utf-8 3311.0830ms
2025-03-08 17:55:47.233 -06:00 [INF] Request finished HTTP/2 GET https://localhost:7163/api/JobType - - - 0 - application/json;+charset=utf-8 3324.9568ms
2025-03-08 17:57:04.714 -06:00 [INF] Request starting HTTP/2 GET https://localhost:7163/swagger/index.html - -
2025-03-08 17:57:04.734 -06:00 [INF] Request finished HTTP/2 GET https://localhost:7163/swagger/index.html - - - 200 - text/html;charset=utf-8 20.2731ms
2025-03-08 17:57:05.041 -06:00 [INF] Request starting HTTP/2 GET https://localhost:7163/_framework/aspnetcore-browser-refresh.js - -
2025-03-08 17:57:05.042 -06:00 [INF] Request starting HTTP/2 GET https://localhost:7163/_vs/browserLink - -
2025-03-08 17:57:05.042 -06:00 [INF] Request finished HTTP/2 GET https://localhost:7163/_framework/aspnetcore-browser-refresh.js - - - 200 12346 application/javascript;+charset=utf-8 1.9965ms
2025-03-08 17:57:05.059 -06:00 [INF] Request finished HTTP/2 GET https://localhost:7163/_vs/browserLink - - - 200 - text/javascript;+charset=UTF-8 16.5726ms
2025-03-08 17:57:05.338 -06:00 [INF] Request starting HTTP/2 GET https://localhost:7163/swagger/v1/swagger.json - -
2025-03-08 17:57:05.345 -06:00 [INF] Request finished HTTP/2 GET https://localhost:7163/swagger/v1/swagger.json - - - 200 - application/json;charset=utf-8 6.9508ms
2025-03-08 17:57:35.209 -06:00 [INF] Request starting HTTP/2 GET https://localhost:7163/api/JobType - -
2025-03-08 17:57:35.210 -06:00 [INF] Executing endpoint 'JobsAPI.Controllers.JobTypeController.GetJobTypes (JobsAPI)'
2025-03-08 17:57:35.215 -06:00 [INF] Route matched with {action = "GetJobTypes", controller = "JobType"}. Executing controller action with signature System.Threading.Tasks.Task`1[Microsoft.AspNetCore.Mvc.ActionResult`1[System.Collections.Generic.IEnumerable`1[JobsAPI.DTOs.JobTypeDTO]]] GetJobTypes() on controller JobsAPI.Controllers.JobTypeController (JobsAPI).
2025-03-08 17:57:35.273 -06:00 [INF] Entity Framework Core 6.0.36 initialized 'JobDbContext' using provider 'Pomelo.EntityFrameworkCore.MySql:6.0.3' with options: ServerVersion 8.0.41-mysql 
2025-03-08 17:57:35.288 -06:00 [INF] Executed DbCommand (7ms) [Parameters=[], CommandType='"Text"', CommandTimeout='30']
SELECT `j`.`JobTypeId`, `j`.`JobDescription`, `j`.`JobTypeName`
FROM `JobTypes` AS `j`
2025-03-08 17:57:35.291 -06:00 [INF] Executing OkObjectResult, writing value of type 'System.Collections.Generic.List`1[[JobsAPI.DTOs.JobTypeDTO, JobsAPI, Version=0.0.0.0, Culture=neutral, PublicKeyToken=null]]'.
2025-03-08 17:57:35.292 -06:00 [INF] Executed action JobsAPI.Controllers.JobTypeController.GetJobTypes (JobsAPI) in 74.3988ms
2025-03-08 17:57:35.293 -06:00 [INF] Executed endpoint 'JobsAPI.Controllers.JobTypeController.GetJobTypes (JobsAPI)'
2025-03-08 17:57:35.294 -06:00 [INF] Request finished HTTP/2 GET https://localhost:7163/api/JobType - - - 200 - application/json;+charset=utf-8 85.1551ms
2025-03-08 18:02:18.863 -06:00 [INF] Starting application...
2025-03-08 18:02:19.033 -06:00 [INF] Now listening on: https://localhost:7163
2025-03-08 18:02:19.038 -06:00 [INF] Now listening on: http://localhost:5223
2025-03-08 18:02:19.183 -06:00 [INF] Application started. Press Ctrl+C to shut down.
2025-03-08 18:02:19.185 -06:00 [INF] Hosting environment: Development
2025-03-08 18:02:19.186 -06:00 [INF] Content root path: C:\Users\Ricardo\OneDrive\Desktop\pruebas\Jobs\JobsAPI\
2025-03-08 18:02:19.780 -06:00 [INF] Request starting HTTP/2 GET https://localhost:7163/swagger/index.html - -
2025-03-08 18:02:20.047 -06:00 [INF] Request finished HTTP/2 GET https://localhost:7163/swagger/index.html - - - 200 - text/html;charset=utf-8 271.3230ms
2025-03-08 18:02:20.114 -06:00 [INF] Request starting HTTP/2 GET https://localhost:7163/_framework/aspnetcore-browser-refresh.js - -
2025-03-08 18:02:20.122 -06:00 [INF] Request finished HTTP/2 GET https://localhost:7163/_framework/aspnetcore-browser-refresh.js - - - 200 12346 application/javascript;+charset=utf-8 7.6986ms
2025-03-08 18:02:20.317 -06:00 [INF] Request starting HTTP/2 GET https://localhost:7163/_vs/browserLink - -
2025-03-08 18:02:20.368 -06:00 [INF] Request finished HTTP/2 GET https://localhost:7163/_vs/browserLink - - - 200 - text/javascript;+charset=UTF-8 51.5372ms
2025-03-08 18:02:20.986 -06:00 [INF] Request starting HTTP/2 GET https://localhost:7163/swagger/v1/swagger.json - -
2025-03-08 18:02:20.995 -06:00 [INF] Request finished HTTP/2 GET https://localhost:7163/swagger/v1/swagger.json - - - 200 - application/json;charset=utf-8 9.6276ms
2025-03-08 18:02:27.315 -06:00 [INF] Request starting HTTP/1.1 POST https://localhost:7163/api/jobtypes application/json;+charset=utf-8 15
2025-03-08 18:02:27.326 -06:00 [INF] Request finished HTTP/1.1 POST https://localhost:7163/api/jobtypes application/json;+charset=utf-8 15 - 404 0 - 10.4747ms
2025-03-08 18:02:46.334 -06:00 [INF] Request starting HTTP/1.1 GET https://localhost:7163/api/jobtypes - -
2025-03-08 18:02:46.336 -06:00 [INF] Request finished HTTP/1.1 GET https://localhost:7163/api/jobtypes - - - 404 0 - 2.1099ms
2025-03-08 18:04:56.479 -06:00 [INF] Request starting HTTP/1.1 GET https://localhost:7163/api/JobType - -
2025-03-08 18:04:56.483 -06:00 [INF] Executing endpoint 'JobsAPI.Controllers.JobTypeController.GetJobTypes (JobsAPI)'
2025-03-08 18:04:56.503 -06:00 [INF] Route matched with {action = "GetJobTypes", controller = "JobType"}. Executing controller action with signature System.Threading.Tasks.Task`1[Microsoft.AspNetCore.Mvc.ActionResult`1[System.Collections.Generic.IEnumerable`1[JobsAPI.DTOs.JobTypeDTO]]] GetJobTypes() on controller JobsAPI.Controllers.JobTypeController (JobsAPI).
2025-03-08 18:04:57.328 -06:00 [INF] Entity Framework Core 6.0.36 initialized 'JobDbContext' using provider 'Pomelo.EntityFrameworkCore.MySql:6.0.3' with options: ServerVersion 8.0.41-mysql 
2025-03-08 18:04:57.719 -06:00 [INF] Executed DbCommand (31ms) [Parameters=[], CommandType='"Text"', CommandTimeout='30']
SELECT `j`.`JobTypeId`, `j`.`JobDescription`, `j`.`JobTypeName`
FROM `JobTypes` AS `j`
2025-03-08 18:04:57.822 -06:00 [INF] Executing OkObjectResult, writing value of type 'System.Collections.Generic.List`1[[JobsAPI.DTOs.JobTypeDTO, JobsAPI, Version=0.0.0.0, Culture=neutral, PublicKeyToken=null]]'.
2025-03-08 18:04:57.832 -06:00 [INF] Executed action JobsAPI.Controllers.JobTypeController.GetJobTypes (JobsAPI) in 1323.29ms
2025-03-08 18:04:57.835 -06:00 [INF] Executed endpoint 'JobsAPI.Controllers.JobTypeController.GetJobTypes (JobsAPI)'
2025-03-08 18:04:57.844 -06:00 [INF] Request finished HTTP/1.1 GET https://localhost:7163/api/JobType - - - 200 - application/json;+charset=utf-8 1365.5164ms
2025-03-08 18:05:36.777 -06:00 [INF] Request starting HTTP/1.1 POST https://localhost:7163/api/jobs/start application/json;+charset=utf-8 32
2025-03-08 18:05:36.781 -06:00 [INF] Executing endpoint 'JobsAPI.Controllers.JobsController.StartJob (JobsAPI)'
2025-03-08 18:05:36.793 -06:00 [INF] Route matched with {action = "StartJob", controller = "Jobs"}. Executing controller action with signature System.Threading.Tasks.Task`1[Microsoft.AspNetCore.Mvc.IActionResult] StartJob(JobsAPI.DTOs.JobRequestDto) on controller JobsAPI.Controllers.JobsController (JobsAPI).
2025-03-08 18:05:36.862 -06:00 [INF] Entity Framework Core 6.0.36 initialized 'JobDbContext' using provider 'Pomelo.EntityFrameworkCore.MySql:6.0.3' with options: ServerVersion 8.0.41-mysql 
2025-03-08 18:05:36.953 -06:00 [INF] Executed DbCommand (22ms) [Parameters=[@__jobTypeName_0='?' (Size = 100)], CommandType='"Text"', CommandTimeout='30']
SELECT `j`.`JobTypeId`, `j`.`JobDescription`, `j`.`JobTypeName`
FROM `JobTypes` AS `j`
WHERE `j`.`JobTypeName` = @__jobTypeName_0
LIMIT 1
2025-03-08 18:05:36.957 -06:00 [WRN] Job type  not found.
2025-03-08 18:05:36.995 -06:00 [INF] Executing BadRequestObjectResult, writing value of type '<>f__AnonymousType1`1[[System.String, System.Private.CoreLib, Version=6.0.0.0, Culture=neutral, PublicKeyToken=7cec85d7bea7798e]]'.
2025-03-08 18:05:36.997 -06:00 [INF] Executed action JobsAPI.Controllers.JobsController.StartJob (JobsAPI) in 203.044ms
2025-03-08 18:05:36.998 -06:00 [INF] Executed endpoint 'JobsAPI.Controllers.JobsController.StartJob (JobsAPI)'
2025-03-08 18:05:36.999 -06:00 [INF] Request finished HTTP/1.1 POST https://localhost:7163/api/jobs/start application/json;+charset=utf-8 32 - 400 - application/json;+charset=utf-8 222.6110ms
2025-03-08 18:05:53.009 -06:00 [INF] Request starting HTTP/1.1 GET https://localhost:7163/api/jobs/status/1 - -
2025-03-08 18:05:53.011 -06:00 [INF] Executing endpoint 'JobsAPI.Controllers.JobsController.GetJobStatus (JobsAPI)'
2025-03-08 18:05:53.014 -06:00 [INF] Route matched with {action = "GetJobStatus", controller = "Jobs"}. Executing controller action with signature System.Threading.Tasks.Task`1[Microsoft.AspNetCore.Mvc.IActionResult] GetJobStatus(System.Guid) on controller JobsAPI.Controllers.JobsController (JobsAPI).
2025-03-08 18:05:53.025 -06:00 [INF] Executing BadRequestObjectResult, writing value of type 'Microsoft.AspNetCore.Mvc.ValidationProblemDetails'.
2025-03-08 18:05:53.034 -06:00 [INF] Executed action JobsAPI.Controllers.JobsController.GetJobStatus (JobsAPI) in 17.8001ms
2025-03-08 18:05:53.035 -06:00 [INF] Executed endpoint 'JobsAPI.Controllers.JobsController.GetJobStatus (JobsAPI)'
2025-03-08 18:05:53.036 -06:00 [INF] Request finished HTTP/1.1 GET https://localhost:7163/api/jobs/status/1 - - - 400 - application/problem+json;+charset=utf-8 26.4912ms
2025-03-08 18:06:45.725 -06:00 [INF] Request starting HTTP/1.1 GET https://localhost:7163/api/JobType - -
2025-03-08 18:06:45.726 -06:00 [INF] Executing endpoint 'JobsAPI.Controllers.JobTypeController.GetJobTypes (JobsAPI)'
2025-03-08 18:06:45.727 -06:00 [INF] Route matched with {action = "GetJobTypes", controller = "JobType"}. Executing controller action with signature System.Threading.Tasks.Task`1[Microsoft.AspNetCore.Mvc.ActionResult`1[System.Collections.Generic.IEnumerable`1[JobsAPI.DTOs.JobTypeDTO]]] GetJobTypes() on controller JobsAPI.Controllers.JobTypeController (JobsAPI).
2025-03-08 18:06:45.762 -06:00 [INF] Entity Framework Core 6.0.36 initialized 'JobDbContext' using provider 'Pomelo.EntityFrameworkCore.MySql:6.0.3' with options: ServerVersion 8.0.41-mysql 
2025-03-08 18:06:45.775 -06:00 [INF] Executed DbCommand (5ms) [Parameters=[], CommandType='"Text"', CommandTimeout='30']
SELECT `j`.`JobTypeId`, `j`.`JobDescription`, `j`.`JobTypeName`
FROM `JobTypes` AS `j`
2025-03-08 18:06:45.781 -06:00 [INF] Executing OkObjectResult, writing value of type 'System.Collections.Generic.List`1[[JobsAPI.DTOs.JobTypeDTO, JobsAPI, Version=0.0.0.0, Culture=neutral, PublicKeyToken=null]]'.
2025-03-08 18:06:45.782 -06:00 [INF] Executed action JobsAPI.Controllers.JobTypeController.GetJobTypes (JobsAPI) in 53.6561ms
2025-03-08 18:06:45.783 -06:00 [INF] Executed endpoint 'JobsAPI.Controllers.JobTypeController.GetJobTypes (JobsAPI)'
2025-03-08 18:06:45.784 -06:00 [INF] Request finished HTTP/1.1 GET https://localhost:7163/api/JobType - - - 200 - application/json;+charset=utf-8 58.6977ms
2025-03-08 18:08:10.227 -06:00 [INF] Request starting HTTP/1.1 POST https://localhost:7163/api/jobs/start application/json;+charset=utf-8 35
2025-03-08 18:08:10.227 -06:00 [INF] Executing endpoint 'JobsAPI.Controllers.JobsController.StartJob (JobsAPI)'
2025-03-08 18:08:10.228 -06:00 [INF] Route matched with {action = "StartJob", controller = "Jobs"}. Executing controller action with signature System.Threading.Tasks.Task`1[Microsoft.AspNetCore.Mvc.IActionResult] StartJob(JobsAPI.DTOs.JobRequestDto) on controller JobsAPI.Controllers.JobsController (JobsAPI).
2025-03-08 18:08:10.232 -06:00 [INF] Entity Framework Core 6.0.36 initialized 'JobDbContext' using provider 'Pomelo.EntityFrameworkCore.MySql:6.0.3' with options: ServerVersion 8.0.41-mysql 
2025-03-08 18:08:10.238 -06:00 [INF] Executed DbCommand (2ms) [Parameters=[@__jobTypeName_0='?' (Size = 100)], CommandType='"Text"', CommandTimeout='30']
SELECT `j`.`JobTypeId`, `j`.`JobDescription`, `j`.`JobTypeName`
FROM `JobTypes` AS `j`
WHERE `j`.`JobTypeName` = @__jobTypeName_0
LIMIT 1
2025-03-08 18:08:10.240 -06:00 [WRN] Job type  not found.
2025-03-08 18:08:10.267 -06:00 [INF] Executing BadRequestObjectResult, writing value of type '<>f__AnonymousType1`1[[System.String, System.Private.CoreLib, Version=6.0.0.0, Culture=neutral, PublicKeyToken=7cec85d7bea7798e]]'.
2025-03-08 18:08:10.269 -06:00 [INF] Executed action JobsAPI.Controllers.JobsController.StartJob (JobsAPI) in 38.9836ms
2025-03-08 18:08:10.270 -06:00 [INF] Executed endpoint 'JobsAPI.Controllers.JobsController.StartJob (JobsAPI)'
2025-03-08 18:08:10.270 -06:00 [INF] Request finished HTTP/1.1 POST https://localhost:7163/api/jobs/start application/json;+charset=utf-8 35 - 400 - application/json;+charset=utf-8 43.7433ms
2025-03-08 18:09:07.642 -06:00 [INF] Request starting HTTP/1.1 GET https://localhost:7163/api/jobs/running - -
2025-03-08 18:09:07.646 -06:00 [INF] Executing endpoint 'JobsAPI.Controllers.JobsController.GetRunningJobs (JobsAPI)'
2025-03-08 18:09:07.649 -06:00 [INF] Route matched with {action = "GetRunningJobs", controller = "Jobs"}. Executing controller action with signature System.Threading.Tasks.Task`1[Microsoft.AspNetCore.Mvc.IActionResult] GetRunningJobs() on controller JobsAPI.Controllers.JobsController (JobsAPI).
2025-03-08 18:09:07.658 -06:00 [INF] Entity Framework Core 6.0.36 initialized 'JobDbContext' using provider 'Pomelo.EntityFrameworkCore.MySql:6.0.3' with options: ServerVersion 8.0.41-mysql 
2025-03-08 18:09:07.680 -06:00 [INF] Executed DbCommand (6ms) [Parameters=[@__jobType_0='?' (Size = 100)], CommandType='"Text"', CommandTimeout='30']
SELECT `j`.`JobTypeId`
FROM `JobTypes` AS `j`
WHERE `j`.`JobTypeName` = @__jobType_0
LIMIT 1
2025-03-08 18:09:07.695 -06:00 [INF] Executed DbCommand (3ms) [Parameters=[@__JobTypeId_0='?' (DbType = Int32)], CommandType='"Text"', CommandTimeout='30']
SELECT `j`.`JobId`, `j`.`IsRunning`, `j`.`JobName`, `j`.`JobTypeId`
FROM `Jobs` AS `j`
WHERE (`j`.`JobTypeId` = @__JobTypeId_0) AND `j`.`IsRunning`
2025-03-08 18:09:07.697 -06:00 [INF] Executing OkObjectResult, writing value of type 'System.Collections.Generic.List`1[[JobsAPI.DTOs.JobDTO, JobsAPI, Version=0.0.0.0, Culture=neutral, PublicKeyToken=null]]'.
2025-03-08 18:09:07.702 -06:00 [INF] Executed action JobsAPI.Controllers.JobsController.GetRunningJobs (JobsAPI) in 51.9387ms
2025-03-08 18:09:07.703 -06:00 [INF] Executed endpoint 'JobsAPI.Controllers.JobsController.GetRunningJobs (JobsAPI)'
2025-03-08 18:09:07.704 -06:00 [INF] Request finished HTTP/1.1 GET https://localhost:7163/api/jobs/running - - - 200 - application/json;+charset=utf-8 61.7387ms
2025-03-08 18:09:13.260 -06:00 [INF] Request starting HTTP/1.1 GET https://localhost:7163/api/jobs/running - -
2025-03-08 18:09:13.261 -06:00 [INF] Executing endpoint 'JobsAPI.Controllers.JobsController.GetRunningJobs (JobsAPI)'
2025-03-08 18:09:13.262 -06:00 [INF] Route matched with {action = "GetRunningJobs", controller = "Jobs"}. Executing controller action with signature System.Threading.Tasks.Task`1[Microsoft.AspNetCore.Mvc.IActionResult] GetRunningJobs() on controller JobsAPI.Controllers.JobsController (JobsAPI).
2025-03-08 18:09:13.264 -06:00 [INF] Entity Framework Core 6.0.36 initialized 'JobDbContext' using provider 'Pomelo.EntityFrameworkCore.MySql:6.0.3' with options: ServerVersion 8.0.41-mysql 
2025-03-08 18:09:13.271 -06:00 [INF] Executed DbCommand (3ms) [Parameters=[@__jobType_0='?' (Size = 100)], CommandType='"Text"', CommandTimeout='30']
SELECT `j`.`JobTypeId`
FROM `JobTypes` AS `j`
WHERE `j`.`JobTypeName` = @__jobType_0
LIMIT 1
2025-03-08 18:09:13.279 -06:00 [INF] Executed DbCommand (1ms) [Parameters=[@__JobTypeId_0='?' (DbType = Int32)], CommandType='"Text"', CommandTimeout='30']
SELECT `j`.`JobId`, `j`.`IsRunning`, `j`.`JobName`, `j`.`JobTypeId`
FROM `Jobs` AS `j`
WHERE (`j`.`JobTypeId` = @__JobTypeId_0) AND `j`.`IsRunning`
2025-03-08 18:09:13.280 -06:00 [INF] Executing OkObjectResult, writing value of type 'System.Collections.Generic.List`1[[JobsAPI.DTOs.JobDTO, JobsAPI, Version=0.0.0.0, Culture=neutral, PublicKeyToken=null]]'.
2025-03-08 18:09:13.281 -06:00 [INF] Executed action JobsAPI.Controllers.JobsController.GetRunningJobs (JobsAPI) in 17.8184ms
2025-03-08 18:09:13.282 -06:00 [INF] Executed endpoint 'JobsAPI.Controllers.JobsController.GetRunningJobs (JobsAPI)'
2025-03-08 18:09:13.283 -06:00 [INF] Request finished HTTP/1.1 GET https://localhost:7163/api/jobs/running - - - 200 - application/json;+charset=utf-8 23.0496ms
2025-03-08 18:13:28.289 -06:00 [INF] Starting application...
2025-03-08 18:13:28.487 -06:00 [INF] Now listening on: https://localhost:7163
2025-03-08 18:13:28.493 -06:00 [INF] Now listening on: http://localhost:5223
2025-03-08 18:13:28.647 -06:00 [INF] Application started. Press Ctrl+C to shut down.
2025-03-08 18:13:28.649 -06:00 [INF] Hosting environment: Development
2025-03-08 18:13:28.650 -06:00 [INF] Content root path: C:\Users\Ricardo\OneDrive\Desktop\pruebas\Jobs\JobsAPI\
2025-03-08 18:13:29.259 -06:00 [INF] Request starting HTTP/2 GET https://localhost:7163/swagger/index.html - -
2025-03-08 18:13:29.515 -06:00 [INF] Request finished HTTP/2 GET https://localhost:7163/swagger/index.html - - - 200 - text/html;charset=utf-8 259.7968ms
2025-03-08 18:13:29.574 -06:00 [INF] Request starting HTTP/2 GET https://localhost:7163/_framework/aspnetcore-browser-refresh.js - -
2025-03-08 18:13:29.578 -06:00 [INF] Request finished HTTP/2 GET https://localhost:7163/_framework/aspnetcore-browser-refresh.js - - - 200 12346 application/javascript;+charset=utf-8 4.5766ms
2025-03-08 18:13:29.742 -06:00 [INF] Request starting HTTP/2 GET https://localhost:7163/_vs/browserLink - -
2025-03-08 18:13:29.796 -06:00 [INF] Request finished HTTP/2 GET https://localhost:7163/_vs/browserLink - - - 200 - text/javascript;+charset=UTF-8 53.8568ms
2025-03-08 18:13:30.335 -06:00 [INF] Request starting HTTP/2 GET https://localhost:7163/swagger/v1/swagger.json - -
2025-03-08 18:13:30.343 -06:00 [INF] Request finished HTTP/2 GET https://localhost:7163/swagger/v1/swagger.json - - - 200 - application/json;charset=utf-8 7.9898ms
2025-03-08 18:13:36.353 -06:00 [INF] Request starting HTTP/1.1 GET https://localhost:7163/api/jobs/running - -
2025-03-08 18:13:36.362 -06:00 [INF] Executing endpoint 'JobsAPI.Controllers.JobsController.GetRunningJobs (JobsAPI)'
2025-03-08 18:13:36.381 -06:00 [INF] Route matched with {action = "GetRunningJobs", controller = "Jobs"}. Executing controller action with signature System.Threading.Tasks.Task`1[Microsoft.AspNetCore.Mvc.IActionResult] GetRunningJobs() on controller JobsAPI.Controllers.JobsController (JobsAPI).
2025-03-08 18:13:37.302 -06:00 [INF] Entity Framework Core 6.0.36 initialized 'JobDbContext' using provider 'Pomelo.EntityFrameworkCore.MySql:6.0.3' with options: ServerVersion 8.0.41-mysql 
2025-03-08 18:13:37.806 -06:00 [INF] Executed DbCommand (44ms) [Parameters=[@__jobType_0='?' (Size = 100)], CommandType='"Text"', CommandTimeout='30']
SELECT `j`.`JobTypeId`
FROM `JobTypes` AS `j`
WHERE `j`.`JobTypeName` = @__jobType_0
LIMIT 1
2025-03-08 18:13:37.928 -06:00 [INF] Executed DbCommand (9ms) [Parameters=[@__JobTypeId_0='?' (DbType = Int32)], CommandType='"Text"', CommandTimeout='30']
SELECT `j`.`JobId`, `j`.`IsRunning`, `j`.`JobName`, `j`.`JobTypeId`
FROM `Jobs` AS `j`
WHERE (`j`.`JobTypeId` = @__JobTypeId_0) AND `j`.`IsRunning`
2025-03-08 18:13:37.941 -06:00 [INF] Executing OkObjectResult, writing value of type 'System.Collections.Generic.List`1[[JobsAPI.DTOs.JobDTO, JobsAPI, Version=0.0.0.0, Culture=neutral, PublicKeyToken=null]]'.
2025-03-08 18:13:37.960 -06:00 [INF] Executed action JobsAPI.Controllers.JobsController.GetRunningJobs (JobsAPI) in 1572.3568ms
2025-03-08 18:13:37.962 -06:00 [INF] Executed endpoint 'JobsAPI.Controllers.JobsController.GetRunningJobs (JobsAPI)'
2025-03-08 18:13:37.971 -06:00 [INF] Request finished HTTP/1.1 GET https://localhost:7163/api/jobs/running - - - 200 - application/json;+charset=utf-8 1617.8563ms
2025-03-08 18:13:50.347 -06:00 [INF] Request starting HTTP/1.1 GET https://localhost:7163/api/JobType - -
2025-03-08 18:13:50.349 -06:00 [INF] Executing endpoint 'JobsAPI.Controllers.JobTypeController.GetJobTypes (JobsAPI)'
2025-03-08 18:13:50.352 -06:00 [INF] Route matched with {action = "GetJobTypes", controller = "JobType"}. Executing controller action with signature System.Threading.Tasks.Task`1[Microsoft.AspNetCore.Mvc.ActionResult`1[System.Collections.Generic.IEnumerable`1[JobsAPI.DTOs.JobTypeDTO]]] GetJobTypes() on controller JobsAPI.Controllers.JobTypeController (JobsAPI).
2025-03-08 18:13:50.358 -06:00 [INF] Entity Framework Core 6.0.36 initialized 'JobDbContext' using provider 'Pomelo.EntityFrameworkCore.MySql:6.0.3' with options: ServerVersion 8.0.41-mysql 
2025-03-08 18:13:50.407 -06:00 [INF] Executed DbCommand (2ms) [Parameters=[], CommandType='"Text"', CommandTimeout='30']
SELECT `j`.`JobTypeId`, `j`.`JobDescription`, `j`.`JobTypeName`
FROM `JobTypes` AS `j`
2025-03-08 18:13:50.464 -06:00 [INF] Executing OkObjectResult, writing value of type 'System.Collections.Generic.List`1[[JobsAPI.DTOs.JobTypeDTO, JobsAPI, Version=0.0.0.0, Culture=neutral, PublicKeyToken=null]]'.
2025-03-08 18:13:50.466 -06:00 [INF] Executed action JobsAPI.Controllers.JobTypeController.GetJobTypes (JobsAPI) in 112.3664ms
2025-03-08 18:13:50.467 -06:00 [INF] Executed endpoint 'JobsAPI.Controllers.JobTypeController.GetJobTypes (JobsAPI)'
2025-03-08 18:13:50.467 -06:00 [INF] Request finished HTTP/1.1 GET https://localhost:7163/api/JobType - - - 200 - application/json;+charset=utf-8 120.0610ms
2025-03-08 18:14:03.778 -06:00 [INF] Request starting HTTP/1.1 POST https://localhost:7163/api/jobs/start application/json;+charset=utf-8 35
2025-03-08 18:14:03.779 -06:00 [INF] Executing endpoint 'JobsAPI.Controllers.JobsController.StartJob (JobsAPI)'
2025-03-08 18:14:03.789 -06:00 [INF] Route matched with {action = "StartJob", controller = "Jobs"}. Executing controller action with signature System.Threading.Tasks.Task`1[Microsoft.AspNetCore.Mvc.IActionResult] StartJob(JobsAPI.DTOs.JobRequestDto) on controller JobsAPI.Controllers.JobsController (JobsAPI).
2025-03-08 18:14:03.858 -06:00 [INF] Entity Framework Core 6.0.36 initialized 'JobDbContext' using provider 'Pomelo.EntityFrameworkCore.MySql:6.0.3' with options: ServerVersion 8.0.41-mysql 
2025-03-08 18:14:03.870 -06:00 [INF] Executed DbCommand (1ms) [Parameters=[@__jobTypeName_0='?' (Size = 100)], CommandType='"Text"', CommandTimeout='30']
SELECT `j`.`JobTypeId`, `j`.`JobDescription`, `j`.`JobTypeName`
FROM `JobTypes` AS `j`
WHERE `j`.`JobTypeName` = @__jobTypeName_0
LIMIT 1
2025-03-08 18:14:03.877 -06:00 [WRN] Job type  not found.
2025-03-08 18:14:03.919 -06:00 [INF] Executing BadRequestObjectResult, writing value of type '<>f__AnonymousType1`1[[System.String, System.Private.CoreLib, Version=6.0.0.0, Culture=neutral, PublicKeyToken=7cec85d7bea7798e]]'.
2025-03-08 18:14:03.921 -06:00 [INF] Executed action JobsAPI.Controllers.JobsController.StartJob (JobsAPI) in 130.6092ms
2025-03-08 18:14:03.923 -06:00 [INF] Executed endpoint 'JobsAPI.Controllers.JobsController.StartJob (JobsAPI)'
2025-03-08 18:14:03.924 -06:00 [INF] Request finished HTTP/1.1 POST https://localhost:7163/api/jobs/start application/json;+charset=utf-8 35 - 400 - application/json;+charset=utf-8 145.7092ms
2025-03-08 18:17:07.433 -06:00 [INF] Starting application...
2025-03-08 18:17:07.658 -06:00 [INF] Now listening on: https://localhost:7163
2025-03-08 18:17:07.663 -06:00 [INF] Now listening on: http://localhost:5223
2025-03-08 18:17:07.810 -06:00 [INF] Application started. Press Ctrl+C to shut down.
2025-03-08 18:17:07.812 -06:00 [INF] Hosting environment: Development
2025-03-08 18:17:07.813 -06:00 [INF] Content root path: C:\Users\Ricardo\OneDrive\Desktop\pruebas\Jobs\JobsAPI\
2025-03-08 18:17:08.361 -06:00 [INF] Request starting HTTP/2 GET https://localhost:7163/swagger/index.html - -
2025-03-08 18:17:08.586 -06:00 [INF] Request finished HTTP/2 GET https://localhost:7163/swagger/index.html - - - 200 - text/html;charset=utf-8 229.3972ms
2025-03-08 18:17:08.637 -06:00 [INF] Request starting HTTP/2 GET https://localhost:7163/_framework/aspnetcore-browser-refresh.js - -
2025-03-08 18:17:08.641 -06:00 [INF] Request finished HTTP/2 GET https://localhost:7163/_framework/aspnetcore-browser-refresh.js - - - 200 12346 application/javascript;+charset=utf-8 4.2064ms
2025-03-08 18:17:08.831 -06:00 [INF] Request starting HTTP/2 GET https://localhost:7163/_vs/browserLink - -
2025-03-08 18:17:08.881 -06:00 [INF] Request finished HTTP/2 GET https://localhost:7163/_vs/browserLink - - - 200 - text/javascript;+charset=UTF-8 50.5487ms
2025-03-08 18:17:09.483 -06:00 [INF] Request starting HTTP/2 GET https://localhost:7163/swagger/v1/swagger.json - -
2025-03-08 18:17:09.491 -06:00 [INF] Request finished HTTP/2 GET https://localhost:7163/swagger/v1/swagger.json - - - 200 - application/json;charset=utf-8 7.9194ms
2025-03-08 18:17:16.951 -06:00 [INF] Request starting HTTP/1.1 GET https://localhost:7163/api/JobType - -
2025-03-08 18:17:16.959 -06:00 [INF] Executing endpoint 'JobsAPI.Controllers.JobTypeController.GetJobTypes (JobsAPI)'
2025-03-08 18:17:16.985 -06:00 [INF] Route matched with {action = "GetJobTypes", controller = "JobType"}. Executing controller action with signature System.Threading.Tasks.Task`1[Microsoft.AspNetCore.Mvc.ActionResult`1[System.Collections.Generic.IEnumerable`1[JobsAPI.DTOs.JobTypeDTO]]] GetJobTypes() on controller JobsAPI.Controllers.JobTypeController (JobsAPI).
2025-03-08 18:17:18.035 -06:00 [INF] Entity Framework Core 6.0.36 initialized 'JobDbContext' using provider 'Pomelo.EntityFrameworkCore.MySql:6.0.3' with options: ServerVersion 8.0.41-mysql 
2025-03-08 18:17:18.542 -06:00 [INF] Executed DbCommand (46ms) [Parameters=[], CommandType='"Text"', CommandTimeout='30']
SELECT `j`.`JobTypeId`, `j`.`JobDescription`, `j`.`JobTypeName`
FROM `JobTypes` AS `j`
2025-03-08 18:17:18.693 -06:00 [INF] Executing OkObjectResult, writing value of type 'System.Collections.Generic.List`1[[JobsAPI.DTOs.JobTypeDTO, JobsAPI, Version=0.0.0.0, Culture=neutral, PublicKeyToken=null]]'.
2025-03-08 18:17:18.722 -06:00 [INF] Executed action JobsAPI.Controllers.JobTypeController.GetJobTypes (JobsAPI) in 1729.0178ms
2025-03-08 18:17:18.725 -06:00 [INF] Executed endpoint 'JobsAPI.Controllers.JobTypeController.GetJobTypes (JobsAPI)'
2025-03-08 18:17:18.738 -06:00 [INF] Request finished HTTP/1.1 GET https://localhost:7163/api/JobType - - - 200 - application/json;+charset=utf-8 1787.2601ms
2025-03-08 18:18:24.885 -06:00 [INF] Request starting HTTP/1.1 POST https://localhost:7163/api/jobs/start application/json;+charset=utf-8 35
2025-03-08 18:18:24.887 -06:00 [INF] Executing endpoint 'JobsAPI.Controllers.JobsController.StartJob (JobsAPI)'
2025-03-08 18:18:24.899 -06:00 [INF] Route matched with {action = "StartJob", controller = "Jobs"}. Executing controller action with signature System.Threading.Tasks.Task`1[Microsoft.AspNetCore.Mvc.IActionResult] StartJob(JobsAPI.DTOs.JobRequestDto) on controller JobsAPI.Controllers.JobsController (JobsAPI).
2025-03-08 18:18:24.970 -06:00 [INF] Entity Framework Core 6.0.36 initialized 'JobDbContext' using provider 'Pomelo.EntityFrameworkCore.MySql:6.0.3' with options: ServerVersion 8.0.41-mysql 
2025-03-08 18:18:25.062 -06:00 [INF] Executed DbCommand (21ms) [Parameters=[@__jobTypeName_0='?' (Size = 100)], CommandType='"Text"', CommandTimeout='30']
SELECT `j`.`JobTypeId`, `j`.`JobDescription`, `j`.`JobTypeName`
FROM `JobTypes` AS `j`
WHERE `j`.`JobTypeName` = @__jobTypeName_0
LIMIT 1
2025-03-08 18:18:25.066 -06:00 [WRN] Job type  not found.
2025-03-08 18:18:25.104 -06:00 [INF] Executing BadRequestObjectResult, writing value of type '<>f__AnonymousType1`1[[System.String, System.Private.CoreLib, Version=6.0.0.0, Culture=neutral, PublicKeyToken=7cec85d7bea7798e]]'.
2025-03-08 18:18:25.106 -06:00 [INF] Executed action JobsAPI.Controllers.JobsController.StartJob (JobsAPI) in 205.1689ms
2025-03-08 18:18:25.107 -06:00 [INF] Executed endpoint 'JobsAPI.Controllers.JobsController.StartJob (JobsAPI)'
2025-03-08 18:18:25.109 -06:00 [INF] Request finished HTTP/1.1 POST https://localhost:7163/api/jobs/start application/json;+charset=utf-8 35 - 400 - application/json;+charset=utf-8 224.0086ms
2025-03-08 18:19:40.841 -06:00 [INF] Request starting HTTP/1.1 POST https://localhost:7163/api/Jobs/Start application/json;+charset=utf-8 35
2025-03-08 18:19:40.843 -06:00 [INF] Executing endpoint 'JobsAPI.Controllers.JobsController.StartJob (JobsAPI)'
2025-03-08 18:19:40.844 -06:00 [INF] Route matched with {action = "StartJob", controller = "Jobs"}. Executing controller action with signature System.Threading.Tasks.Task`1[Microsoft.AspNetCore.Mvc.IActionResult] StartJob(JobsAPI.DTOs.JobRequestDto) on controller JobsAPI.Controllers.JobsController (JobsAPI).
2025-03-08 18:19:40.886 -06:00 [INF] Entity Framework Core 6.0.36 initialized 'JobDbContext' using provider 'Pomelo.EntityFrameworkCore.MySql:6.0.3' with options: ServerVersion 8.0.41-mysql 
2025-03-08 18:19:40.896 -06:00 [INF] Executed DbCommand (3ms) [Parameters=[@__jobTypeName_0='?' (Size = 100)], CommandType='"Text"', CommandTimeout='30']
SELECT `j`.`JobTypeId`, `j`.`JobDescription`, `j`.`JobTypeName`
FROM `JobTypes` AS `j`
WHERE `j`.`JobTypeName` = @__jobTypeName_0
LIMIT 1
2025-03-08 18:19:40.899 -06:00 [WRN] Job type  not found.
2025-03-08 18:19:40.928 -06:00 [INF] Executing BadRequestObjectResult, writing value of type '<>f__AnonymousType1`1[[System.String, System.Private.CoreLib, Version=6.0.0.0, Culture=neutral, PublicKeyToken=7cec85d7bea7798e]]'.
2025-03-08 18:19:40.930 -06:00 [INF] Executed action JobsAPI.Controllers.JobsController.StartJob (JobsAPI) in 84.4211ms
2025-03-08 18:19:40.931 -06:00 [INF] Executed endpoint 'JobsAPI.Controllers.JobsController.StartJob (JobsAPI)'
2025-03-08 18:19:40.932 -06:00 [INF] Request finished HTTP/1.1 POST https://localhost:7163/api/Jobs/Start application/json;+charset=utf-8 35 - 400 - application/json;+charset=utf-8 91.2706ms
2025-03-08 18:21:20.552 -06:00 [INF] Request starting HTTP/1.1 POST https://localhost:7163/api/jobtypes application/json;+charset=utf-8 15
2025-03-08 18:21:20.553 -06:00 [INF] Request finished HTTP/1.1 POST https://localhost:7163/api/jobtypes application/json;+charset=utf-8 15 - 404 0 - 1.5463ms
2025-03-08 18:22:39.479 -06:00 [INF] Request starting HTTP/1.1 POST https://localhost:7163/api/jobtypes application/json;+charset=utf-8 22
2025-03-08 18:22:39.480 -06:00 [INF] Request finished HTTP/1.1 POST https://localhost:7163/api/jobtypes application/json;+charset=utf-8 22 - 404 0 - 1.2132ms
2025-03-08 18:25:48.894 -06:00 [INF] Starting application...
2025-03-08 18:25:49.097 -06:00 [INF] Now listening on: https://localhost:7163
2025-03-08 18:25:49.101 -06:00 [INF] Now listening on: http://localhost:5223
2025-03-08 18:25:49.237 -06:00 [INF] Application started. Press Ctrl+C to shut down.
2025-03-08 18:25:49.239 -06:00 [INF] Hosting environment: Development
2025-03-08 18:25:49.240 -06:00 [INF] Content root path: C:\Users\Ricardo\OneDrive\Desktop\pruebas\Jobs\JobsAPI\
2025-03-08 18:25:49.832 -06:00 [INF] Request starting HTTP/2 GET https://localhost:7163/swagger/index.html - -
2025-03-08 18:25:50.122 -06:00 [INF] Request finished HTTP/2 GET https://localhost:7163/swagger/index.html - - - 200 - text/html;charset=utf-8 295.4742ms
2025-03-08 18:25:50.185 -06:00 [INF] Request starting HTTP/2 GET https://localhost:7163/_framework/aspnetcore-browser-refresh.js - -
2025-03-08 18:25:50.191 -06:00 [INF] Request finished HTTP/2 GET https://localhost:7163/_framework/aspnetcore-browser-refresh.js - - - 200 12346 application/javascript;+charset=utf-8 5.7404ms
2025-03-08 18:25:50.381 -06:00 [INF] Request starting HTTP/2 GET https://localhost:7163/_vs/browserLink - -
2025-03-08 18:25:50.426 -06:00 [INF] Request finished HTTP/2 GET https://localhost:7163/_vs/browserLink - - - 200 - text/javascript;+charset=UTF-8 45.0486ms
2025-03-08 18:25:50.926 -06:00 [INF] Request starting HTTP/2 GET https://localhost:7163/swagger/v1/swagger.json - -
2025-03-08 18:25:50.935 -06:00 [INF] Request finished HTTP/2 GET https://localhost:7163/swagger/v1/swagger.json - - - 200 - application/json;charset=utf-8 9.0081ms
2025-03-08 18:26:06.535 -06:00 [INF] Request starting HTTP/1.1 POST https://localhost:7163/api/jobtypes application/json;+charset=utf-8 22
2025-03-08 18:26:06.546 -06:00 [INF] Request finished HTTP/1.1 POST https://localhost:7163/api/jobtypes application/json;+charset=utf-8 22 - 404 0 - 10.5030ms
2025-03-08 18:26:11.842 -06:00 [INF] Request starting HTTP/1.1 GET https://localhost:7163/api/JobType - -
2025-03-08 18:26:11.848 -06:00 [INF] Executing endpoint 'JobsAPI.Controllers.JobTypeController.GetJobTypes (JobsAPI)'
2025-03-08 18:26:11.874 -06:00 [INF] Route matched with {action = "GetJobTypes", controller = "JobType"}. Executing controller action with signature System.Threading.Tasks.Task`1[Microsoft.AspNetCore.Mvc.ActionResult`1[System.Collections.Generic.IEnumerable`1[JobsAPI.DTOs.JobTypeDTO]]] GetJobTypes() on controller JobsAPI.Controllers.JobTypeController (JobsAPI).
2025-03-08 18:26:12.908 -06:00 [INF] Entity Framework Core 6.0.36 initialized 'JobDbContext' using provider 'Pomelo.EntityFrameworkCore.MySql:6.0.3' with options: ServerVersion 8.0.41-mysql 
2025-03-08 18:26:13.332 -06:00 [INF] Executed DbCommand (33ms) [Parameters=[], CommandType='"Text"', CommandTimeout='30']
SELECT `j`.`JobTypeId`, `j`.`JobDescription`, `j`.`JobTypeName`
FROM `JobTypes` AS `j`
2025-03-08 18:26:13.436 -06:00 [INF] Executing OkObjectResult, writing value of type 'System.Collections.Generic.List`1[[JobsAPI.DTOs.JobTypeDTO, JobsAPI, Version=0.0.0.0, Culture=neutral, PublicKeyToken=null]]'.
2025-03-08 18:26:13.446 -06:00 [INF] Executed action JobsAPI.Controllers.JobTypeController.GetJobTypes (JobsAPI) in 1566.1614ms
2025-03-08 18:26:13.449 -06:00 [INF] Executed endpoint 'JobsAPI.Controllers.JobTypeController.GetJobTypes (JobsAPI)'
2025-03-08 18:26:13.459 -06:00 [INF] Request finished HTTP/1.1 GET https://localhost:7163/api/JobType - - - 200 - application/json;+charset=utf-8 1616.9699ms
2025-03-08 18:31:14.972 -06:00 [INF] Starting application...
2025-03-08 18:31:15.180 -06:00 [INF] Now listening on: https://localhost:7163
2025-03-08 18:31:15.185 -06:00 [INF] Now listening on: http://localhost:5223
2025-03-08 18:31:15.345 -06:00 [INF] Application started. Press Ctrl+C to shut down.
2025-03-08 18:31:15.347 -06:00 [INF] Hosting environment: Development
2025-03-08 18:31:15.348 -06:00 [INF] Content root path: C:\Users\Ricardo\OneDrive\Desktop\pruebas\Jobs\JobsAPI\
2025-03-08 18:31:15.976 -06:00 [INF] Request starting HTTP/2 GET https://localhost:7163/swagger/index.html - -
2025-03-08 18:31:16.290 -06:00 [INF] Request finished HTTP/2 GET https://localhost:7163/swagger/index.html - - - 200 - text/html;charset=utf-8 319.1245ms
2025-03-08 18:31:16.366 -06:00 [INF] Request starting HTTP/2 GET https://localhost:7163/_framework/aspnetcore-browser-refresh.js - -
2025-03-08 18:31:16.371 -06:00 [INF] Request finished HTTP/2 GET https://localhost:7163/_framework/aspnetcore-browser-refresh.js - - - 200 12346 application/javascript;+charset=utf-8 5.9214ms
2025-03-08 18:31:16.540 -06:00 [INF] Request starting HTTP/2 GET https://localhost:7163/_vs/browserLink - -
2025-03-08 18:31:16.591 -06:00 [INF] Request finished HTTP/2 GET https://localhost:7163/_vs/browserLink - - - 200 - text/javascript;+charset=UTF-8 50.9293ms
2025-03-08 18:31:17.080 -06:00 [INF] Request starting HTTP/2 GET https://localhost:7163/swagger/v1/swagger.json - -
2025-03-08 18:31:17.087 -06:00 [INF] Request finished HTTP/2 GET https://localhost:7163/swagger/v1/swagger.json - - - 200 - application/json;charset=utf-8 7.2696ms
2025-03-08 18:31:28.719 -06:00 [INF] Request starting HTTP/1.1 POST https://localhost:7163/api/jobtype application/json;+charset=utf-8 22
2025-03-08 18:31:28.728 -06:00 [INF] Executing endpoint 'JobsAPI.Controllers.JobTypeController.CreateJobType (JobsAPI)'
2025-03-08 18:31:28.766 -06:00 [INF] Route matched with {action = "CreateJobType", controller = "JobType"}. Executing controller action with signature System.Threading.Tasks.Task`1[Microsoft.AspNetCore.Mvc.ActionResult`1[JobsAPI.Models.JobType]] CreateJobType(JobsAPI.DTOs.JobTypeDTO) on controller JobsAPI.Controllers.JobTypeController (JobsAPI).
2025-03-08 18:31:38.462 -06:00 [INF] Entity Framework Core 6.0.36 initialized 'JobDbContext' using provider 'Pomelo.EntityFrameworkCore.MySql:6.0.3' with options: ServerVersion 8.0.41-mysql 
2025-03-08 18:31:38.902 -06:00 [INF] Executed DbCommand (51ms) [Parameters=[@__jobType_JobTypeName_0='?' (Size = 100)], CommandType='"Text"', CommandTimeout='30']
SELECT EXISTS (
    SELECT 1
    FROM `JobTypes` AS `j`
    WHERE `j`.`JobTypeName` = @__jobType_JobTypeName_0)
2025-03-08 18:31:38.973 -06:00 [INF] Executing BadRequestObjectResult, writing value of type 'System.String'.
2025-03-08 18:31:38.981 -06:00 [INF] Executed action JobsAPI.Controllers.JobTypeController.CreateJobType (JobsAPI) in 10209.4185ms
2025-03-08 18:31:38.985 -06:00 [INF] Executed endpoint 'JobsAPI.Controllers.JobTypeController.CreateJobType (JobsAPI)'
2025-03-08 18:31:38.998 -06:00 [INF] Request finished HTTP/1.1 POST https://localhost:7163/api/jobtype application/json;+charset=utf-8 22 - 400 - text/plain;+charset=utf-8 10279.2853ms
2025-03-08 18:32:22.072 -06:00 [INF] Request starting HTTP/1.1 GET https://localhost:7163/api/jobs/status/1 - -
2025-03-08 18:32:22.074 -06:00 [INF] Executing endpoint 'JobsAPI.Controllers.JobsController.GetJobStatus (JobsAPI)'
2025-03-08 18:32:22.077 -06:00 [INF] Route matched with {action = "GetJobStatus", controller = "Jobs"}. Executing controller action with signature System.Threading.Tasks.Task`1[Microsoft.AspNetCore.Mvc.IActionResult] GetJobStatus(System.Guid) on controller JobsAPI.Controllers.JobsController (JobsAPI).
2025-03-08 18:32:22.092 -06:00 [INF] Executing BadRequestObjectResult, writing value of type 'Microsoft.AspNetCore.Mvc.ValidationProblemDetails'.
2025-03-08 18:32:22.102 -06:00 [INF] Executed action JobsAPI.Controllers.JobsController.GetJobStatus (JobsAPI) in 23.2761ms
2025-03-08 18:32:22.103 -06:00 [INF] Executed endpoint 'JobsAPI.Controllers.JobsController.GetJobStatus (JobsAPI)'
2025-03-08 18:32:22.104 -06:00 [INF] Request finished HTTP/1.1 GET https://localhost:7163/api/jobs/status/1 - - - 400 - application/problem+json;+charset=utf-8 31.9453ms
2025-03-08 18:33:15.728 -06:00 [INF] Request starting HTTP/1.1 GET https://localhost:7163/api/JobType - -
2025-03-08 18:33:15.729 -06:00 [INF] Executing endpoint 'JobsAPI.Controllers.JobTypeController.GetJobTypes (JobsAPI)'
2025-03-08 18:33:15.732 -06:00 [INF] Route matched with {action = "GetJobTypes", controller = "JobType"}. Executing controller action with signature System.Threading.Tasks.Task`1[Microsoft.AspNetCore.Mvc.ActionResult`1[System.Collections.Generic.IEnumerable`1[JobsAPI.DTOs.JobTypeDTO]]] GetJobTypes() on controller JobsAPI.Controllers.JobTypeController (JobsAPI).
2025-03-08 18:33:15.746 -06:00 [INF] Entity Framework Core 6.0.36 initialized 'JobDbContext' using provider 'Pomelo.EntityFrameworkCore.MySql:6.0.3' with options: ServerVersion 8.0.41-mysql 
2025-03-08 18:33:15.840 -06:00 [INF] Executed DbCommand (10ms) [Parameters=[], CommandType='"Text"', CommandTimeout='30']
SELECT `j`.`JobTypeId`, `j`.`JobDescription`, `j`.`JobTypeName`
FROM `JobTypes` AS `j`
2025-03-08 18:33:15.892 -06:00 [INF] Executing OkObjectResult, writing value of type 'System.Collections.Generic.List`1[[JobsAPI.DTOs.JobTypeDTO, JobsAPI, Version=0.0.0.0, Culture=neutral, PublicKeyToken=null]]'.
2025-03-08 18:33:15.896 -06:00 [INF] Executed action JobsAPI.Controllers.JobTypeController.GetJobTypes (JobsAPI) in 162.1204ms
2025-03-08 18:33:15.897 -06:00 [INF] Executed endpoint 'JobsAPI.Controllers.JobTypeController.GetJobTypes (JobsAPI)'
2025-03-08 18:33:15.898 -06:00 [INF] Request finished HTTP/1.1 GET https://localhost:7163/api/JobType - - - 200 - application/json;+charset=utf-8 169.8090ms
2025-03-08 18:33:57.417 -06:00 [INF] Request starting HTTP/1.1 POST https://localhost:7163/api/Jobs/Start application/json;+charset=utf-8 35
2025-03-08 18:33:57.419 -06:00 [INF] Executing endpoint 'JobsAPI.Controllers.JobsController.StartJob (JobsAPI)'
2025-03-08 18:33:57.422 -06:00 [INF] Route matched with {action = "StartJob", controller = "Jobs"}. Executing controller action with signature System.Threading.Tasks.Task`1[Microsoft.AspNetCore.Mvc.IActionResult] StartJob(JobsAPI.DTOs.JobRequestDto) on controller JobsAPI.Controllers.JobsController (JobsAPI).
2025-03-08 18:33:57.459 -06:00 [INF] Entity Framework Core 6.0.36 initialized 'JobDbContext' using provider 'Pomelo.EntityFrameworkCore.MySql:6.0.3' with options: ServerVersion 8.0.41-mysql 
2025-03-08 18:33:57.473 -06:00 [INF] Executed DbCommand (1ms) [Parameters=[@__jobTypeName_0='?' (Size = 100)], CommandType='"Text"', CommandTimeout='30']
SELECT `j`.`JobTypeId`, `j`.`JobDescription`, `j`.`JobTypeName`
FROM `JobTypes` AS `j`
WHERE `j`.`JobTypeName` = @__jobTypeName_0
LIMIT 1
2025-03-08 18:33:57.477 -06:00 [WRN] Job type  not found.
2025-03-08 18:33:57.515 -06:00 [INF] Executing BadRequestObjectResult, writing value of type '<>f__AnonymousType1`1[[System.String, System.Private.CoreLib, Version=6.0.0.0, Culture=neutral, PublicKeyToken=7cec85d7bea7798e]]'.
2025-03-08 18:33:57.517 -06:00 [INF] Executed action JobsAPI.Controllers.JobsController.StartJob (JobsAPI) in 93.6031ms
2025-03-08 18:33:57.518 -06:00 [INF] Executed endpoint 'JobsAPI.Controllers.JobsController.StartJob (JobsAPI)'
2025-03-08 18:33:57.519 -06:00 [INF] Request finished HTTP/1.1 POST https://localhost:7163/api/Jobs/Start application/json;+charset=utf-8 35 - 400 - application/json;+charset=utf-8 102.4240ms
2025-03-08 18:49:31.660 -06:00 [INF] Starting application...
2025-03-08 18:49:31.875 -06:00 [INF] Now listening on: https://localhost:7163
2025-03-08 18:49:31.881 -06:00 [INF] Now listening on: http://localhost:5223
2025-03-08 18:49:32.064 -06:00 [INF] Application started. Press Ctrl+C to shut down.
2025-03-08 18:49:32.066 -06:00 [INF] Hosting environment: Development
2025-03-08 18:49:32.067 -06:00 [INF] Content root path: C:\Users\Ricardo\OneDrive\Desktop\pruebas\Jobs\JobsAPI\
2025-03-08 18:49:32.511 -06:00 [INF] Request starting HTTP/2 GET https://localhost:7163/swagger/index.html - -
2025-03-08 18:49:32.819 -06:00 [INF] Request finished HTTP/2 GET https://localhost:7163/swagger/index.html - - - 200 - text/html;charset=utf-8 314.5581ms
2025-03-08 18:49:32.847 -06:00 [INF] Request starting HTTP/2 GET https://localhost:7163/_framework/aspnetcore-browser-refresh.js - -
2025-03-08 18:49:32.856 -06:00 [INF] Request finished HTTP/2 GET https://localhost:7163/_framework/aspnetcore-browser-refresh.js - - - 200 12346 application/javascript;+charset=utf-8 8.8769ms
2025-03-08 18:49:33.150 -06:00 [INF] Request starting HTTP/2 GET https://localhost:7163/_vs/browserLink - -
2025-03-08 18:49:33.221 -06:00 [INF] Request finished HTTP/2 GET https://localhost:7163/_vs/browserLink - - - 200 - text/javascript;+charset=UTF-8 70.9206ms
2025-03-08 18:49:33.877 -06:00 [INF] Request starting HTTP/2 GET https://localhost:7163/swagger/v1/swagger.json - -
2025-03-08 18:49:33.885 -06:00 [INF] Request finished HTTP/2 GET https://localhost:7163/swagger/v1/swagger.json - - - 200 - application/json;charset=utf-8 8.3455ms
2025-03-08 18:49:51.801 -06:00 [INF] Request starting HTTP/1.1 GET https://localhost:7163/api/JobType - -
2025-03-08 18:49:51.810 -06:00 [INF] Executing endpoint 'JobsAPI.Controllers.JobTypeController.GetJobTypes (JobsAPI)'
2025-03-08 18:49:51.835 -06:00 [INF] Route matched with {action = "GetJobTypes", controller = "JobType"}. Executing controller action with signature System.Threading.Tasks.Task`1[Microsoft.AspNetCore.Mvc.ActionResult`1[System.Collections.Generic.IEnumerable`1[JobsAPI.DTOs.JobTypeDTO]]] GetJobTypes() on controller JobsAPI.Controllers.JobTypeController (JobsAPI).
2025-03-08 18:49:52.897 -06:00 [INF] Entity Framework Core 6.0.36 initialized 'JobDbContext' using provider 'Pomelo.EntityFrameworkCore.MySql:6.0.3' with options: ServerVersion 8.0.41-mysql 
2025-03-08 18:49:53.410 -06:00 [INF] Executed DbCommand (44ms) [Parameters=[], CommandType='"Text"', CommandTimeout='30']
SELECT `j`.`JobTypeId`, `j`.`JobDescription`, `j`.`JobTypeName`
FROM `JobTypes` AS `j`
2025-03-08 18:49:53.525 -06:00 [INF] Executing OkObjectResult, writing value of type 'System.Collections.Generic.List`1[[JobsAPI.DTOs.JobTypeDTO, JobsAPI, Version=0.0.0.0, Culture=neutral, PublicKeyToken=null]]'.
2025-03-08 18:49:53.542 -06:00 [INF] Executed action JobsAPI.Controllers.JobTypeController.GetJobTypes (JobsAPI) in 1701.8238ms
2025-03-08 18:49:53.544 -06:00 [INF] Executed endpoint 'JobsAPI.Controllers.JobTypeController.GetJobTypes (JobsAPI)'
2025-03-08 18:49:53.557 -06:00 [INF] Request finished HTTP/1.1 GET https://localhost:7163/api/JobType - - - 200 - application/json;+charset=utf-8 1755.6124ms
2025-03-08 18:50:08.818 -06:00 [INF] Request starting HTTP/1.1 POST https://localhost:7163/api/Jobs/Start application/json;+charset=utf-8 36
2025-03-08 18:50:08.820 -06:00 [INF] Executing endpoint 'JobsAPI.Controllers.JobsController.StartJob (JobsAPI)'
2025-03-08 18:50:08.831 -06:00 [INF] Route matched with {action = "StartJob", controller = "Jobs"}. Executing controller action with signature System.Threading.Tasks.Task`1[Microsoft.AspNetCore.Mvc.IActionResult] StartJob(JobsAPI.DTOs.JobRequestDto) on controller JobsAPI.Controllers.JobsController (JobsAPI).
2025-03-08 18:50:14.177 -06:00 [INF] Entity Framework Core 6.0.36 initialized 'JobDbContext' using provider 'Pomelo.EntityFrameworkCore.MySql:6.0.3' with options: ServerVersion 8.0.41-mysql 
2025-03-08 18:50:14.283 -06:00 [INF] Executed DbCommand (32ms) [Parameters=[@__jobTypeId_0='?' (DbType = Int32)], CommandType='"Text"', CommandTimeout='30']
SELECT `j`.`JobId`, `j`.`IsRunning`, `j`.`JobName`, `j`.`JobTypeId`
FROM `Jobs` AS `j`
WHERE (`j`.`JobTypeId` = @__jobTypeId_0) AND `j`.`IsRunning`
2025-03-08 18:50:27.940 -06:00 [INF] Executed DbCommand (4ms) [Parameters=[@p0='?' (DbType = Guid), @p1='?' (DbType = Boolean), @p2='?' (Size = 4000), @p3='?' (DbType = Int32)], CommandType='"Text"', CommandTimeout='30']
INSERT INTO `Jobs` (`JobId`, `IsRunning`, `JobName`, `JobTypeId`)
VALUES (@p0, @p1, @p2, @p3);
2025-03-08 18:50:27.971 -06:00 [INF] Job started with ID "f27611c2-373a-45fb-ab9f-a474d79e479b"
2025-03-08 18:50:27.974 -06:00 [INF] Executing OkObjectResult, writing value of type '<>f__AnonymousType0`2[[System.Guid, System.Private.CoreLib, Version=6.0.0.0, Culture=neutral, PublicKeyToken=7cec85d7bea7798e],[System.String, System.Private.CoreLib, Version=6.0.0.0, Culture=neutral, PublicKeyToken=7cec85d7bea7798e]]'.
2025-03-08 18:50:27.981 -06:00 [INF] Executed action JobsAPI.Controllers.JobsController.StartJob (JobsAPI) in 19148.5467ms
2025-03-08 18:50:27.982 -06:00 [INF] Executed endpoint 'JobsAPI.Controllers.JobsController.StartJob (JobsAPI)'
2025-03-08 18:50:27.983 -06:00 [INF] Request finished HTTP/1.1 POST https://localhost:7163/api/Jobs/Start application/json;+charset=utf-8 36 - 200 - application/json;+charset=utf-8 19165.7388ms
2025-03-08 18:51:09.717 -06:00 [INF] Request starting HTTP/1.1 GET https://localhost:7163/api/jobs/status/1 - -
2025-03-08 18:51:09.721 -06:00 [INF] Executing endpoint 'JobsAPI.Controllers.JobsController.GetJobStatus (JobsAPI)'
2025-03-08 18:51:09.725 -06:00 [INF] Route matched with {action = "GetJobStatus", controller = "Jobs"}. Executing controller action with signature System.Threading.Tasks.Task`1[Microsoft.AspNetCore.Mvc.IActionResult] GetJobStatus(System.Guid) on controller JobsAPI.Controllers.JobsController (JobsAPI).
2025-03-08 18:51:09.729 -06:00 [INF] Executing BadRequestObjectResult, writing value of type 'Microsoft.AspNetCore.Mvc.ValidationProblemDetails'.
2025-03-08 18:51:09.739 -06:00 [INF] Executed action JobsAPI.Controllers.JobsController.GetJobStatus (JobsAPI) in 12.9423ms
2025-03-08 18:51:09.740 -06:00 [INF] Executed endpoint 'JobsAPI.Controllers.JobsController.GetJobStatus (JobsAPI)'
2025-03-08 18:51:09.741 -06:00 [INF] Request finished HTTP/1.1 GET https://localhost:7163/api/jobs/status/1 - - - 400 - application/problem+json;+charset=utf-8 23.7016ms
2025-03-08 18:52:30.515 -06:00 [INF] Request starting HTTP/1.1 GET https://localhost:7163/api/jobs/running - -
2025-03-08 18:52:30.517 -06:00 [INF] Executing endpoint 'JobsAPI.Controllers.JobsController.GetRunningJobs (JobsAPI)'
2025-03-08 18:52:30.520 -06:00 [INF] Route matched with {action = "GetRunningJobs", controller = "Jobs"}. Executing controller action with signature System.Threading.Tasks.Task`1[Microsoft.AspNetCore.Mvc.IActionResult] GetRunningJobs() on controller JobsAPI.Controllers.JobsController (JobsAPI).
2025-03-08 18:52:30.569 -06:00 [INF] Entity Framework Core 6.0.36 initialized 'JobDbContext' using provider 'Pomelo.EntityFrameworkCore.MySql:6.0.3' with options: ServerVersion 8.0.41-mysql 
2025-03-08 18:52:30.580 -06:00 [INF] Executed DbCommand (1ms) [Parameters=[], CommandType='"Text"', CommandTimeout='30']
SELECT `j`.`JobTypeId`, `j`.`JobDescription`, `j`.`JobTypeName`
FROM `JobTypes` AS `j`
2025-03-08 18:52:30.588 -06:00 [INF] Executed DbCommand (1ms) [Parameters=[], CommandType='"Text"', CommandTimeout='30']
SELECT `j`.`JobId`, `j`.`IsRunning`, `j`.`JobName`, `j`.`JobTypeId`
FROM `Jobs` AS `j`
WHERE `j`.`IsRunning`
2025-03-08 18:52:30.605 -06:00 [INF] Executing OkObjectResult, writing value of type 'System.Collections.Generic.List`1[[JobsAPI.DTOs.JobDTO, JobsAPI, Version=0.0.0.0, Culture=neutral, PublicKeyToken=null]]'.
2025-03-08 18:52:30.607 -06:00 [INF] Executed action JobsAPI.Controllers.JobsController.GetRunningJobs (JobsAPI) in 85.7862ms
2025-03-08 18:52:30.609 -06:00 [INF] Executed endpoint 'JobsAPI.Controllers.JobsController.GetRunningJobs (JobsAPI)'
2025-03-08 18:52:30.610 -06:00 [INF] Request finished HTTP/1.1 GET https://localhost:7163/api/jobs/running - - - 200 - application/json;+charset=utf-8 94.5384ms
2025-03-08 18:52:50.884 -06:00 [INF] Request starting HTTP/1.1 POST https://localhost:7163/api/jobs/cancel/f27611c2-373a-45fb-ab9f-a474d79e479b - 0
2025-03-08 18:52:50.886 -06:00 [INF] Executing endpoint 'JobsAPI.Controllers.JobsController.CancelJob (JobsAPI)'
2025-03-08 18:52:50.889 -06:00 [INF] Route matched with {action = "CancelJob", controller = "Jobs"}. Executing controller action with signature System.Threading.Tasks.Task`1[Microsoft.AspNetCore.Mvc.IActionResult] CancelJob(System.Guid) on controller JobsAPI.Controllers.JobsController (JobsAPI).
2025-03-08 18:52:50.895 -06:00 [INF] Entity Framework Core 6.0.36 initialized 'JobDbContext' using provider 'Pomelo.EntityFrameworkCore.MySql:6.0.3' with options: ServerVersion 8.0.41-mysql 
2025-03-08 18:52:50.951 -06:00 [INF] Executed DbCommand (1ms) [Parameters=[@__get_Item_0='?' (DbType = Guid)], CommandType='"Text"', CommandTimeout='30']
SELECT `j`.`JobId`, `j`.`IsRunning`, `j`.`JobName`, `j`.`JobTypeId`
FROM `Jobs` AS `j`
WHERE `j`.`JobId` = @__get_Item_0
LIMIT 1
2025-03-08 18:52:50.971 -06:00 [INF] Executed DbCommand (1ms) [Parameters=[@p0='?' (DbType = Guid)], CommandType='"Text"', CommandTimeout='30']
DELETE FROM `Jobs`
WHERE `JobId` = @p0;
SELECT ROW_COUNT();
2025-03-08 18:52:50.980 -06:00 [INF] Executing OkObjectResult, writing value of type '<>f__AnonymousType0`2[[System.Guid, System.Private.CoreLib, Version=6.0.0.0, Culture=neutral, PublicKeyToken=7cec85d7bea7798e],[System.String, System.Private.CoreLib, Version=6.0.0.0, Culture=neutral, PublicKeyToken=7cec85d7bea7798e]]'.
2025-03-08 18:52:50.981 -06:00 [INF] Executed action JobsAPI.Controllers.JobsController.CancelJob (JobsAPI) in 90.8569ms
2025-03-08 18:52:50.982 -06:00 [INF] Executed endpoint 'JobsAPI.Controllers.JobsController.CancelJob (JobsAPI)'
2025-03-08 18:52:50.983 -06:00 [INF] Request finished HTTP/1.1 POST https://localhost:7163/api/jobs/cancel/f27611c2-373a-45fb-ab9f-a474d79e479b - 0 - 200 - application/json;+charset=utf-8 98.7090ms
2025-03-08 18:55:30.790 -06:00 [INF] Request starting HTTP/1.1 GET https://localhost:7163/api/jobs/running - -
2025-03-08 18:55:30.791 -06:00 [INF] Executing endpoint 'JobsAPI.Controllers.JobsController.GetRunningJobs (JobsAPI)'
2025-03-08 18:55:30.792 -06:00 [INF] Route matched with {action = "GetRunningJobs", controller = "Jobs"}. Executing controller action with signature System.Threading.Tasks.Task`1[Microsoft.AspNetCore.Mvc.IActionResult] GetRunningJobs() on controller JobsAPI.Controllers.JobsController (JobsAPI).
2025-03-08 18:55:30.795 -06:00 [INF] Entity Framework Core 6.0.36 initialized 'JobDbContext' using provider 'Pomelo.EntityFrameworkCore.MySql:6.0.3' with options: ServerVersion 8.0.41-mysql 
2025-03-08 18:55:30.806 -06:00 [INF] Executed DbCommand (7ms) [Parameters=[], CommandType='"Text"', CommandTimeout='30']
SELECT `j`.`JobTypeId`, `j`.`JobDescription`, `j`.`JobTypeName`
FROM `JobTypes` AS `j`
2025-03-08 18:55:30.815 -06:00 [INF] Executed DbCommand (1ms) [Parameters=[], CommandType='"Text"', CommandTimeout='30']
SELECT `j`.`JobId`, `j`.`IsRunning`, `j`.`JobName`, `j`.`JobTypeId`
FROM `Jobs` AS `j`
WHERE `j`.`IsRunning`
2025-03-08 18:55:30.816 -06:00 [INF] Executing OkObjectResult, writing value of type 'System.Collections.Generic.List`1[[JobsAPI.DTOs.JobDTO, JobsAPI, Version=0.0.0.0, Culture=neutral, PublicKeyToken=null]]'.
2025-03-08 18:55:30.817 -06:00 [INF] Executed action JobsAPI.Controllers.JobsController.GetRunningJobs (JobsAPI) in 23.3604ms
2025-03-08 18:55:30.818 -06:00 [INF] Executed endpoint 'JobsAPI.Controllers.JobsController.GetRunningJobs (JobsAPI)'
2025-03-08 18:55:30.819 -06:00 [INF] Request finished HTTP/1.1 GET https://localhost:7163/api/jobs/running - - - 200 - application/json;+charset=utf-8 28.3662ms
2025-03-08 18:57:46.499 -06:00 [INF] Request starting HTTP/1.1 POST https://localhost:7163/api/jobtype application/json;+charset=utf-8 26
2025-03-08 18:57:46.499 -06:00 [INF] Executing endpoint 'JobsAPI.Controllers.JobTypeController.CreateJobType (JobsAPI)'
2025-03-08 18:57:46.503 -06:00 [INF] Route matched with {action = "CreateJobType", controller = "JobType"}. Executing controller action with signature System.Threading.Tasks.Task`1[Microsoft.AspNetCore.Mvc.ActionResult`1[JobsAPI.Models.JobType]] CreateJobType(JobsAPI.DTOs.JobTypeDTO) on controller JobsAPI.Controllers.JobTypeController (JobsAPI).
2025-03-08 18:57:54.634 -06:00 [INF] Entity Framework Core 6.0.36 initialized 'JobDbContext' using provider 'Pomelo.EntityFrameworkCore.MySql:6.0.3' with options: ServerVersion 8.0.41-mysql 
2025-03-08 18:57:54.658 -06:00 [INF] Executed DbCommand (1ms) [Parameters=[@__jobType_JobTypeName_0='?' (Size = 100)], CommandType='"Text"', CommandTimeout='30']
SELECT EXISTS (
    SELECT 1
    FROM `JobTypes` AS `j`
    WHERE `j`.`JobTypeName` = @__jobType_JobTypeName_0)
2025-03-08 18:57:54.688 -06:00 [INF] Executed DbCommand (1ms) [Parameters=[@p0='?' (Size = 4000), @p1='?' (Size = 100)], CommandType='"Text"', CommandTimeout='30']
INSERT INTO `JobTypes` (`JobDescription`, `JobTypeName`)
VALUES (@p0, @p1);
SELECT `JobTypeId`
FROM `JobTypes`
WHERE ROW_COUNT() = 1 AND `JobTypeId` = LAST_INSERT_ID();
2025-03-08 18:57:54.720 -06:00 [INF] Executing CreatedAtActionResult, writing value of type 'JobsAPI.DTOs.JobTypeDTO'.
2025-03-08 18:57:54.749 -06:00 [INF] Executed action JobsAPI.Controllers.JobTypeController.CreateJobType (JobsAPI) in 8244.6035ms
2025-03-08 18:57:54.750 -06:00 [INF] Executed endpoint 'JobsAPI.Controllers.JobTypeController.CreateJobType (JobsAPI)'
2025-03-08 18:57:54.751 -06:00 [INF] Request finished HTTP/1.1 POST https://localhost:7163/api/jobtype application/json;+charset=utf-8 26 - 201 - application/json;+charset=utf-8 8252.4709ms
2025-03-08 18:58:19.141 -06:00 [INF] Request starting HTTP/1.1 GET https://localhost:7163/api/JobType - -
2025-03-08 18:58:19.142 -06:00 [INF] Executing endpoint 'JobsAPI.Controllers.JobTypeController.GetJobTypes (JobsAPI)'
2025-03-08 18:58:19.143 -06:00 [INF] Route matched with {action = "GetJobTypes", controller = "JobType"}. Executing controller action with signature System.Threading.Tasks.Task`1[Microsoft.AspNetCore.Mvc.ActionResult`1[System.Collections.Generic.IEnumerable`1[JobsAPI.DTOs.JobTypeDTO]]] GetJobTypes() on controller JobsAPI.Controllers.JobTypeController (JobsAPI).
2025-03-08 18:58:19.145 -06:00 [INF] Entity Framework Core 6.0.36 initialized 'JobDbContext' using provider 'Pomelo.EntityFrameworkCore.MySql:6.0.3' with options: ServerVersion 8.0.41-mysql 
2025-03-08 18:58:19.155 -06:00 [INF] Executed DbCommand (7ms) [Parameters=[], CommandType='"Text"', CommandTimeout='30']
SELECT `j`.`JobTypeId`, `j`.`JobDescription`, `j`.`JobTypeName`
FROM `JobTypes` AS `j`
2025-03-08 18:58:19.160 -06:00 [INF] Executing OkObjectResult, writing value of type 'System.Collections.Generic.List`1[[JobsAPI.DTOs.JobTypeDTO, JobsAPI, Version=0.0.0.0, Culture=neutral, PublicKeyToken=null]]'.
2025-03-08 18:58:19.161 -06:00 [INF] Executed action JobsAPI.Controllers.JobTypeController.GetJobTypes (JobsAPI) in 17.1951ms
2025-03-08 18:58:19.162 -06:00 [INF] Executed endpoint 'JobsAPI.Controllers.JobTypeController.GetJobTypes (JobsAPI)'
2025-03-08 18:58:19.162 -06:00 [INF] Request finished HTTP/1.1 GET https://localhost:7163/api/JobType - - - 200 - application/json;+charset=utf-8 21.2736ms
2025-03-08 18:58:39.233 -06:00 [INF] Request starting HTTP/1.1 GET https://localhost:7163/api/JobType - -
2025-03-08 18:58:39.234 -06:00 [INF] Executing endpoint 'JobsAPI.Controllers.JobTypeController.GetJobTypes (JobsAPI)'
2025-03-08 18:58:39.235 -06:00 [INF] Route matched with {action = "GetJobTypes", controller = "JobType"}. Executing controller action with signature System.Threading.Tasks.Task`1[Microsoft.AspNetCore.Mvc.ActionResult`1[System.Collections.Generic.IEnumerable`1[JobsAPI.DTOs.JobTypeDTO]]] GetJobTypes() on controller JobsAPI.Controllers.JobTypeController (JobsAPI).
2025-03-08 18:58:39.237 -06:00 [INF] Entity Framework Core 6.0.36 initialized 'JobDbContext' using provider 'Pomelo.EntityFrameworkCore.MySql:6.0.3' with options: ServerVersion 8.0.41-mysql 
2025-03-08 18:58:39.241 -06:00 [INF] Executed DbCommand (2ms) [Parameters=[], CommandType='"Text"', CommandTimeout='30']
SELECT `j`.`JobTypeId`, `j`.`JobDescription`, `j`.`JobTypeName`
FROM `JobTypes` AS `j`
2025-03-08 18:58:39.243 -06:00 [INF] Executing OkObjectResult, writing value of type 'System.Collections.Generic.List`1[[JobsAPI.DTOs.JobTypeDTO, JobsAPI, Version=0.0.0.0, Culture=neutral, PublicKeyToken=null]]'.
2025-03-08 18:58:39.244 -06:00 [INF] Executed action JobsAPI.Controllers.JobTypeController.GetJobTypes (JobsAPI) in 8.7236ms
2025-03-08 18:58:39.245 -06:00 [INF] Executed endpoint 'JobsAPI.Controllers.JobTypeController.GetJobTypes (JobsAPI)'
2025-03-08 18:58:39.246 -06:00 [INF] Request finished HTTP/1.1 GET https://localhost:7163/api/JobType - - - 200 - application/json;+charset=utf-8 13.0489ms
2025-03-08 18:58:56.393 -06:00 [INF] Request starting HTTP/1.1 POST https://localhost:7163/api/Jobs/Start application/json;+charset=utf-8 38
2025-03-08 18:58:56.394 -06:00 [INF] Executing endpoint 'JobsAPI.Controllers.JobsController.StartJob (JobsAPI)'
2025-03-08 18:58:56.395 -06:00 [INF] Route matched with {action = "StartJob", controller = "Jobs"}. Executing controller action with signature System.Threading.Tasks.Task`1[Microsoft.AspNetCore.Mvc.IActionResult] StartJob(JobsAPI.DTOs.JobRequestDto) on controller JobsAPI.Controllers.JobsController (JobsAPI).
2025-03-08 18:58:57.981 -06:00 [INF] Entity Framework Core 6.0.36 initialized 'JobDbContext' using provider 'Pomelo.EntityFrameworkCore.MySql:6.0.3' with options: ServerVersion 8.0.41-mysql 
2025-03-08 18:58:57.988 -06:00 [INF] Executed DbCommand (2ms) [Parameters=[@__jobTypeId_0='?' (DbType = Int32)], CommandType='"Text"', CommandTimeout='30']
SELECT `j`.`JobId`, `j`.`IsRunning`, `j`.`JobName`, `j`.`JobTypeId`
FROM `Jobs` AS `j`
WHERE (`j`.`JobTypeId` = @__jobTypeId_0) AND `j`.`IsRunning`
2025-03-08 18:58:57.996 -06:00 [INF] Executed DbCommand (1ms) [Parameters=[@p0='?' (DbType = Guid), @p1='?' (DbType = Boolean), @p2='?' (Size = 4000), @p3='?' (DbType = Int32)], CommandType='"Text"', CommandTimeout='30']
INSERT INTO `Jobs` (`JobId`, `IsRunning`, `JobName`, `JobTypeId`)
VALUES (@p0, @p1, @p2, @p3);
2025-03-08 18:58:58.001 -06:00 [INF] Job started with ID "4da639e3-aa09-4140-a90a-70fa83ca064a"
2025-03-08 18:58:58.002 -06:00 [INF] Executing OkObjectResult, writing value of type '<>f__AnonymousType0`2[[System.Guid, System.Private.CoreLib, Version=6.0.0.0, Culture=neutral, PublicKeyToken=7cec85d7bea7798e],[System.String, System.Private.CoreLib, Version=6.0.0.0, Culture=neutral, PublicKeyToken=7cec85d7bea7798e]]'.
2025-03-08 18:58:58.003 -06:00 [INF] Executed action JobsAPI.Controllers.JobsController.StartJob (JobsAPI) in 1607.3083ms
2025-03-08 18:58:58.004 -06:00 [INF] Executed endpoint 'JobsAPI.Controllers.JobsController.StartJob (JobsAPI)'
2025-03-08 18:58:58.005 -06:00 [INF] Request finished HTTP/1.1 POST https://localhost:7163/api/Jobs/Start application/json;+charset=utf-8 38 - 200 - application/json;+charset=utf-8 1612.2869ms
2025-03-08 18:59:14.806 -06:00 [INF] Request starting HTTP/1.1 GET https://localhost:7163/api/jobs/running - -
2025-03-08 18:59:14.807 -06:00 [INF] Executing endpoint 'JobsAPI.Controllers.JobsController.GetRunningJobs (JobsAPI)'
2025-03-08 18:59:14.808 -06:00 [INF] Route matched with {action = "GetRunningJobs", controller = "Jobs"}. Executing controller action with signature System.Threading.Tasks.Task`1[Microsoft.AspNetCore.Mvc.IActionResult] GetRunningJobs() on controller JobsAPI.Controllers.JobsController (JobsAPI).
2025-03-08 18:59:14.811 -06:00 [INF] Entity Framework Core 6.0.36 initialized 'JobDbContext' using provider 'Pomelo.EntityFrameworkCore.MySql:6.0.3' with options: ServerVersion 8.0.41-mysql 
2025-03-08 18:59:14.817 -06:00 [INF] Executed DbCommand (2ms) [Parameters=[], CommandType='"Text"', CommandTimeout='30']
SELECT `j`.`JobTypeId`, `j`.`JobDescription`, `j`.`JobTypeName`
FROM `JobTypes` AS `j`
2025-03-08 18:59:14.821 -06:00 [INF] Executed DbCommand (1ms) [Parameters=[], CommandType='"Text"', CommandTimeout='30']
SELECT `j`.`JobId`, `j`.`IsRunning`, `j`.`JobName`, `j`.`JobTypeId`
FROM `Jobs` AS `j`
WHERE `j`.`IsRunning`
2025-03-08 18:59:14.823 -06:00 [INF] Executing OkObjectResult, writing value of type 'System.Collections.Generic.List`1[[JobsAPI.DTOs.JobDTO, JobsAPI, Version=0.0.0.0, Culture=neutral, PublicKeyToken=null]]'.
2025-03-08 18:59:14.825 -06:00 [INF] Executed action JobsAPI.Controllers.JobsController.GetRunningJobs (JobsAPI) in 14.8286ms
2025-03-08 18:59:14.826 -06:00 [INF] Executed endpoint 'JobsAPI.Controllers.JobsController.GetRunningJobs (JobsAPI)'
2025-03-08 18:59:14.827 -06:00 [INF] Request finished HTTP/1.1 GET https://localhost:7163/api/jobs/running - - - 200 - application/json;+charset=utf-8 20.2235ms
2025-03-08 19:10:31.067 -06:00 [INF] Starting application...
2025-03-08 19:10:31.268 -06:00 [INF] Now listening on: https://localhost:7163
2025-03-08 19:10:31.275 -06:00 [INF] Now listening on: http://localhost:5223
2025-03-08 19:10:31.391 -06:00 [INF] Application started. Press Ctrl+C to shut down.
2025-03-08 19:10:31.392 -06:00 [INF] Hosting environment: Development
2025-03-08 19:10:31.392 -06:00 [INF] Content root path: C:\Users\Ricardo\OneDrive\Desktop\pruebas\Jobs\JobsAPI\
2025-03-08 19:10:31.854 -06:00 [INF] Request starting HTTP/2 GET https://localhost:7163/swagger/index.html - -
2025-03-08 19:10:32.099 -06:00 [INF] Request finished HTTP/2 GET https://localhost:7163/swagger/index.html - - - 200 - text/html;charset=utf-8 249.4371ms
2025-03-08 19:10:32.157 -06:00 [INF] Request starting HTTP/2 GET https://localhost:7163/_framework/aspnetcore-browser-refresh.js - -
2025-03-08 19:10:32.163 -06:00 [INF] Request finished HTTP/2 GET https://localhost:7163/_framework/aspnetcore-browser-refresh.js - - - 200 12346 application/javascript;+charset=utf-8 6.0508ms
2025-03-08 19:10:32.360 -06:00 [INF] Request starting HTTP/2 GET https://localhost:7163/_vs/browserLink - -
2025-03-08 19:10:32.419 -06:00 [INF] Request finished HTTP/2 GET https://localhost:7163/_vs/browserLink - - - 200 - text/javascript;+charset=UTF-8 58.6845ms
2025-03-08 19:10:32.944 -06:00 [INF] Request starting HTTP/2 GET https://localhost:7163/swagger/v1/swagger.json - -
2025-03-08 19:10:32.952 -06:00 [INF] Request finished HTTP/2 GET https://localhost:7163/swagger/v1/swagger.json - - - 200 - application/json;charset=utf-8 7.6440ms
2025-03-08 19:10:51.178 -06:00 [INF] Request starting HTTP/1.1 GET https://localhost:7163/api/jobs/running - -
2025-03-08 19:10:51.187 -06:00 [INF] Executing endpoint 'JobsAPI.Controllers.JobsController.GetRunningJobs (JobsAPI)'
2025-03-08 19:10:51.207 -06:00 [INF] Route matched with {action = "GetRunningJobs", controller = "Jobs"}. Executing controller action with signature System.Threading.Tasks.Task`1[Microsoft.AspNetCore.Mvc.IActionResult] GetRunningJobs() on controller JobsAPI.Controllers.JobsController (JobsAPI).
2025-03-08 19:10:52.242 -06:00 [INF] Entity Framework Core 6.0.36 initialized 'JobDbContext' using provider 'Pomelo.EntityFrameworkCore.MySql:6.0.3' with options: ServerVersion 8.0.41-mysql 
2025-03-08 19:10:52.555 -06:00 [INF] Executed DbCommand (47ms) [Parameters=[], CommandType='"Text"', CommandTimeout='30']
SELECT `j`.`JobTypeId`, `j`.`JobDescription`, `j`.`JobTypeName`
FROM `JobTypes` AS `j`
2025-03-08 19:10:52.798 -06:00 [INF] Executed DbCommand (7ms) [Parameters=[], CommandType='"Text"', CommandTimeout='30']
SELECT `j`.`JobId`, `j`.`IsRunning`, `j`.`JobName`, `j`.`JobTypeId`
FROM `Jobs` AS `j`
WHERE `j`.`IsRunning`
2025-03-08 19:10:52.843 -06:00 [INF] Executing OkObjectResult, writing value of type 'System.Collections.Generic.List`1[[JobsAPI.DTOs.JobDTO, JobsAPI, Version=0.0.0.0, Culture=neutral, PublicKeyToken=null]]'.
2025-03-08 19:10:52.869 -06:00 [INF] Executed action JobsAPI.Controllers.JobsController.GetRunningJobs (JobsAPI) in 1655.3523ms
2025-03-08 19:10:52.872 -06:00 [INF] Executed endpoint 'JobsAPI.Controllers.JobsController.GetRunningJobs (JobsAPI)'
2025-03-08 19:10:52.884 -06:00 [INF] Request finished HTTP/1.1 GET https://localhost:7163/api/jobs/running - - - 200 - application/json;+charset=utf-8 1705.7233ms
